This is pdfTeX, Version 3.1415926-2.4-1.40.13 (MiKTeX 2.9) (preloaded format=pdflatex 2013.4.26)  27 JAN 2014 01:44
entering extended mode
**gecco14.tex
(C:\wamp\www\tomkren.github.io\tex\gecco14_b\gecco14.tex
LaTeX2e <2011/06/27>
Babel <v3.8m> and hyphenation patterns for english, afrikaans, ancientgreek, ar
abic, armenian, assamese, basque, bengali, bokmal, bulgarian, catalan, coptic, 
croatian, czech, danish, dutch, esperanto, estonian, farsi, finnish, french, ga
lician, german, german-x-2012-05-30, greek, gujarati, hindi, hungarian, iceland
ic, indonesian, interlingua, irish, italian, kannada, kurmanji, latin, latvian,
 lithuanian, malayalam, marathi, mongolian, mongolianlmc, monogreek, ngerman, n
german-x-2012-05-30, nynorsk, oriya, panjabi, pinyin, polish, portuguese, roman
ian, russian, sanskrit, serbian, slovak, slovenian, spanish, swedish, swissgerm
an, tamil, telugu, turkish, turkmen, ukenglish, ukrainian, uppersorbian, usengl
ishmax, welsh, loaded.
(C:\wamp\www\tomkren.github.io\tex\gecco14_b\sig-alternate.cls
("C:\Program Files (x86)\MiKTeX 2.9\tex\latex\graphics\epsfig.sty"
Package: epsfig 1999/02/16 v1.7a (e)psfig emulation (SPQR)

("C:\Program Files (x86)\MiKTeX 2.9\tex\latex\graphics\graphicx.sty"
Package: graphicx 1999/02/16 v1.0f Enhanced LaTeX Graphics (DPC,SPQR)

("C:\Program Files (x86)\MiKTeX 2.9\tex\latex\graphics\keyval.sty"
Package: keyval 1999/03/16 v1.13 key=value parser (DPC)
\KV@toks@=\toks14
)
("C:\Program Files (x86)\MiKTeX 2.9\tex\latex\graphics\graphics.sty"
Package: graphics 2009/02/05 v1.0o Standard LaTeX Graphics (DPC,SPQR)

("C:\Program Files (x86)\MiKTeX 2.9\tex\latex\graphics\trig.sty"
Package: trig 1999/03/16 v1.09 sin cos tan (DPC)
)
("C:\Program Files (x86)\MiKTeX 2.9\tex\latex\00miktex\graphics.cfg"
File: graphics.cfg 2007/01/18 v1.5 graphics configuration of teTeX/TeXLive
)
Package graphics Info: Driver file: pdftex.def on input line 91.

("C:\Program Files (x86)\MiKTeX 2.9\tex\latex\pdftex-def\pdftex.def"
File: pdftex.def 2011/05/27 v0.06d Graphics/color for pdfTeX

("C:\Program Files (x86)\MiKTeX 2.9\tex\generic\oberdiek\infwarerr.sty"
Package: infwarerr 2010/04/08 v1.3 Providing info/warning/error messages (HO)
)
("C:\Program Files (x86)\MiKTeX 2.9\tex\generic\oberdiek\ltxcmds.sty"
Package: ltxcmds 2011/11/09 v1.22 LaTeX kernel commands for general use (HO)
)
\Gread@gobject=\count79
))
\Gin@req@height=\dimen102
\Gin@req@width=\dimen103
)
\epsfxsize=\dimen104
\epsfysize=\dimen105
)
("C:\Program Files (x86)\MiKTeX 2.9\tex\latex\amsfonts\amssymb.sty"
Package: amssymb 2013/01/14 v3.01 AMS font symbols

("C:\Program Files (x86)\MiKTeX 2.9\tex\latex\amsfonts\amsfonts.sty"
Package: amsfonts 2013/01/14 v3.01 Basic AMSFonts support
\@emptytoks=\toks15
\symAMSa=\mathgroup4
\symAMSb=\mathgroup5
LaTeX Font Info:    Overwriting math alphabet `\mathfrak' in version `bold'
(Font)                  U/euf/m/n --> U/euf/b/n on input line 106.
))
("C:\Program Files (x86)\MiKTeX 2.9\tex\latex\amsmath\amsmath.sty"
Package: amsmath 2013/01/14 v2.14 AMS math features
\@mathmargin=\skip41

For additional information on amsmath, use the `?' option.
("C:\Program Files (x86)\MiKTeX 2.9\tex\latex\amsmath\amstext.sty"
Package: amstext 2000/06/29 v2.01

("C:\Program Files (x86)\MiKTeX 2.9\tex\latex\amsmath\amsgen.sty"
File: amsgen.sty 1999/11/30 v2.0
\@emptytoks=\toks16
\ex@=\dimen106
))
("C:\Program Files (x86)\MiKTeX 2.9\tex\latex\amsmath\amsbsy.sty"
Package: amsbsy 1999/11/29 v1.2d
\pmbraise@=\dimen107
)
("C:\Program Files (x86)\MiKTeX 2.9\tex\latex\amsmath\amsopn.sty"
Package: amsopn 1999/12/14 v2.01 operator names
)
\inf@bad=\count80
LaTeX Info: Redefining \frac on input line 210.
\uproot@=\count81
\leftroot@=\count82
LaTeX Info: Redefining \overline on input line 306.
\classnum@=\count83
\DOTSCASE@=\count84
LaTeX Info: Redefining \ldots on input line 378.
LaTeX Info: Redefining \dots on input line 381.
LaTeX Info: Redefining \cdots on input line 466.
\Mathstrutbox@=\box26
\strutbox@=\box27
\big@size=\dimen108
LaTeX Font Info:    Redeclaring font encoding OML on input line 566.
LaTeX Font Info:    Redeclaring font encoding OMS on input line 567.
\macc@depth=\count85
\c@MaxMatrixCols=\count86
\dotsspace@=\muskip10
\c@parentequation=\count87
\dspbrk@lvl=\count88
\tag@help=\toks17
\row@=\count89
\column@=\count90
\maxfields@=\count91
\andhelp@=\toks18
\eqnshift@=\dimen109
\alignsep@=\dimen110
\tagshift@=\dimen111
\tagwidth@=\dimen112
\totwidth@=\dimen113
\lineht@=\dimen114
\@envbody=\toks19
\multlinegap=\skip42
\multlinetaggap=\skip43
\mathdisplay@stack=\toks20
LaTeX Info: Redefining \[ on input line 2665.
LaTeX Info: Redefining \] on input line 2666.
)
Document Class 'sig-alternate' <23rd. May '12>. Modified by G.K.M. Tobin/Gerry 
Murray
Based in part upon document Style `acmconf' <22 May 89>. Hacked 4/91 by
shivers@cs.cmu.edu, 4/93 by theobald@cs.mcgill.ca
Excerpts were taken from (Journal Style) 'esub2acm.cls'.
****** Bugs/comments/suggestions/technicalities to Gerry Murray -- murray@hq.ac
m.org ******
Questions on the style, SIGS policies, etc. to Adrienne Griscti griscti@acm.org

\footheight=\dimen115
\@maxsep=\dimen116
\@dblmaxsep=\dimen117
\aucount=\count92
\originalaucount=\count93
\auwidth=\dimen118
\auskip=\dimen119
\auskipcount=\count94
\auskip=\dimen120
\allauboxes=\dimen121
\addauthors=\toks21
\addauflag=\count95
\subtitletext=\toks22
\savesection=\count96
\sectioncntr=\count97
\c@figure=\count98
\c@table=\count99
\titleboxnotes=\toks23
\titleboxnoteflag=\count100
Document Class: sig-alternate 2012/05/23 - V2.5 - based on acmproc.cls V1.3 <No
v. 30 '99>
("C:\Program Files (x86)\MiKTeX 2.9\tex\latex\base\latexsym.sty"
Package: latexsym 1998/08/17 v2.2e Standard LaTeX package (lasy symbols)
\symlasy=\mathgroup6
LaTeX Font Info:    Overwriting symbol font `lasy' in version `bold'
(Font)                  U/lasy/m/n --> U/lasy/b/n on input line 47.
)
\@acmtitlebox=\box28
\titlenotecount=\count101
\tntoks=\toks24
\tntokstwo=\toks25
\tntoksthree=\toks26
\tntoksfour=\toks27
\tntoksfive=\toks28
\catcount=\count102
\copyrightnotice=\toks29
\conf=\toks30
\confinfo=\toks31
\c@part=\count103
\c@section=\count104
\c@subsection=\count105
\c@subsubsection=\count106
\c@paragraph=\count107

Using 'Abbrev' bibliography style
LaTeX Info: Redefining \cite on input line 1211.
\bibindent=\dimen122
\colcntr=\count108
\saveb@x=\box29
\copyrtyr=\toks32
\acmcopyr=\toks33
\boilerplate=\toks34
\copyrightetc=\toks35
("C:\Program Files (x86)\MiKTeX 2.9\tex\latex\base\fontenc.sty"
Package: fontenc 2005/09/27 v1.99g Standard LaTeX package

("C:\Program Files (x86)\MiKTeX 2.9\tex\latex\base\t1enc.def"
File: t1enc.def 2005/09/27 v1.99g Standard LaTeX file
LaTeX Font Info:    Redeclaring font encoding T1 on input line 43.
)
LaTeX Font Info:    Try loading font information for T1+aer on input line 100.

("C:\Program Files (x86)\MiKTeX 2.9\tex\latex\ae\t1aer.fd"
File: t1aer.fd 1997/11/16 Font definitions for T1/aer.
)))
("C:\Program Files (x86)\MiKTeX 2.9\tex\latex\base\inputenc.sty"
Package: inputenc 2008/03/30 v1.1d Input encoding file
\inpenc@prehook=\toks36
\inpenc@posthook=\toks37

("C:\Program Files (x86)\MiKTeX 2.9\tex\latex\base\utf8.def"
File: utf8.def 2008/04/05 v1.1m UTF-8 support for inputenc
Now handling font encoding OML ...
... no UTF-8 mapping file for font encoding OML
Now handling font encoding T1 ...
... processing UTF-8 mapping file for font encoding T1

("C:\Program Files (x86)\MiKTeX 2.9\tex\latex\base\t1enc.dfu"
File: t1enc.dfu 2008/04/05 v1.1m UTF-8 support for inputenc
   defining Unicode char U+00A1 (decimal 161)
   defining Unicode char U+00A3 (decimal 163)
   defining Unicode char U+00AB (decimal 171)
   defining Unicode char U+00BB (decimal 187)
   defining Unicode char U+00BF (decimal 191)
   defining Unicode char U+00C0 (decimal 192)
   defining Unicode char U+00C1 (decimal 193)
   defining Unicode char U+00C2 (decimal 194)
   defining Unicode char U+00C3 (decimal 195)
   defining Unicode char U+00C4 (decimal 196)
   defining Unicode char U+00C5 (decimal 197)
   defining Unicode char U+00C6 (decimal 198)
   defining Unicode char U+00C7 (decimal 199)
   defining Unicode char U+00C8 (decimal 200)
   defining Unicode char U+00C9 (decimal 201)
   defining Unicode char U+00CA (decimal 202)
   defining Unicode char U+00CB (decimal 203)
   defining Unicode char U+00CC (decimal 204)
   defining Unicode char U+00CD (decimal 205)
   defining Unicode char U+00CE (decimal 206)
   defining Unicode char U+00CF (decimal 207)
   defining Unicode char U+00D0 (decimal 208)
   defining Unicode char U+00D1 (decimal 209)
   defining Unicode char U+00D2 (decimal 210)
   defining Unicode char U+00D3 (decimal 211)
   defining Unicode char U+00D4 (decimal 212)
   defining Unicode char U+00D5 (decimal 213)
   defining Unicode char U+00D6 (decimal 214)
   defining Unicode char U+00D8 (decimal 216)
   defining Unicode char U+00D9 (decimal 217)
   defining Unicode char U+00DA (decimal 218)
   defining Unicode char U+00DB (decimal 219)
   defining Unicode char U+00DC (decimal 220)
   defining Unicode char U+00DD (decimal 221)
   defining Unicode char U+00DE (decimal 222)
   defining Unicode char U+00DF (decimal 223)
   defining Unicode char U+00E0 (decimal 224)
   defining Unicode char U+00E1 (decimal 225)
   defining Unicode char U+00E2 (decimal 226)
   defining Unicode char U+00E3 (decimal 227)
   defining Unicode char U+00E4 (decimal 228)
   defining Unicode char U+00E5 (decimal 229)
   defining Unicode char U+00E6 (decimal 230)
   defining Unicode char U+00E7 (decimal 231)
   defining Unicode char U+00E8 (decimal 232)
   defining Unicode char U+00E9 (decimal 233)
   defining Unicode char U+00EA (decimal 234)
   defining Unicode char U+00EB (decimal 235)
   defining Unicode char U+00EC (decimal 236)
   defining Unicode char U+00ED (decimal 237)
   defining Unicode char U+00EE (decimal 238)
   defining Unicode char U+00EF (decimal 239)
   defining Unicode char U+00F0 (decimal 240)
   defining Unicode char U+00F1 (decimal 241)
   defining Unicode char U+00F2 (decimal 242)
   defining Unicode char U+00F3 (decimal 243)
   defining Unicode char U+00F4 (decimal 244)
   defining Unicode char U+00F5 (decimal 245)
   defining Unicode char U+00F6 (decimal 246)
   defining Unicode char U+00F8 (decimal 248)
   defining Unicode char U+00F9 (decimal 249)
   defining Unicode char U+00FA (decimal 250)
   defining Unicode char U+00FB (decimal 251)
   defining Unicode char U+00FC (decimal 252)
   defining Unicode char U+00FD (decimal 253)
   defining Unicode char U+00FE (decimal 254)
   defining Unicode char U+00FF (decimal 255)
   defining Unicode char U+0102 (decimal 258)
   defining Unicode char U+0103 (decimal 259)
   defining Unicode char U+0104 (decimal 260)
   defining Unicode char U+0105 (decimal 261)
   defining Unicode char U+0106 (decimal 262)
   defining Unicode char U+0107 (decimal 263)
   defining Unicode char U+010C (decimal 268)
   defining Unicode char U+010D (decimal 269)
   defining Unicode char U+010E (decimal 270)
   defining Unicode char U+010F (decimal 271)
   defining Unicode char U+0110 (decimal 272)
   defining Unicode char U+0111 (decimal 273)
   defining Unicode char U+0118 (decimal 280)
   defining Unicode char U+0119 (decimal 281)
   defining Unicode char U+011A (decimal 282)
   defining Unicode char U+011B (decimal 283)
   defining Unicode char U+011E (decimal 286)
   defining Unicode char U+011F (decimal 287)
   defining Unicode char U+0130 (decimal 304)
   defining Unicode char U+0131 (decimal 305)
   defining Unicode char U+0132 (decimal 306)
   defining Unicode char U+0133 (decimal 307)
   defining Unicode char U+0139 (decimal 313)
   defining Unicode char U+013A (decimal 314)
   defining Unicode char U+013D (decimal 317)
   defining Unicode char U+013E (decimal 318)
   defining Unicode char U+0141 (decimal 321)
   defining Unicode char U+0142 (decimal 322)
   defining Unicode char U+0143 (decimal 323)
   defining Unicode char U+0144 (decimal 324)
   defining Unicode char U+0147 (decimal 327)
   defining Unicode char U+0148 (decimal 328)
   defining Unicode char U+014A (decimal 330)
   defining Unicode char U+014B (decimal 331)
   defining Unicode char U+0150 (decimal 336)
   defining Unicode char U+0151 (decimal 337)
   defining Unicode char U+0152 (decimal 338)
   defining Unicode char U+0153 (decimal 339)
   defining Unicode char U+0154 (decimal 340)
   defining Unicode char U+0155 (decimal 341)
   defining Unicode char U+0158 (decimal 344)
   defining Unicode char U+0159 (decimal 345)
   defining Unicode char U+015A (decimal 346)
   defining Unicode char U+015B (decimal 347)
   defining Unicode char U+015E (decimal 350)
   defining Unicode char U+015F (decimal 351)
   defining Unicode char U+0160 (decimal 352)
   defining Unicode char U+0161 (decimal 353)
   defining Unicode char U+0162 (decimal 354)
   defining Unicode char U+0163 (decimal 355)
   defining Unicode char U+0164 (decimal 356)
   defining Unicode char U+0165 (decimal 357)
   defining Unicode char U+016E (decimal 366)
   defining Unicode char U+016F (decimal 367)
   defining Unicode char U+0170 (decimal 368)
   defining Unicode char U+0171 (decimal 369)
   defining Unicode char U+0178 (decimal 376)
   defining Unicode char U+0179 (decimal 377)
   defining Unicode char U+017A (decimal 378)
   defining Unicode char U+017B (decimal 379)
   defining Unicode char U+017C (decimal 380)
   defining Unicode char U+017D (decimal 381)
   defining Unicode char U+017E (decimal 382)
   defining Unicode char U+200C (decimal 8204)
   defining Unicode char U+2013 (decimal 8211)
   defining Unicode char U+2014 (decimal 8212)
   defining Unicode char U+2018 (decimal 8216)
   defining Unicode char U+2019 (decimal 8217)
   defining Unicode char U+201A (decimal 8218)
   defining Unicode char U+201C (decimal 8220)
   defining Unicode char U+201D (decimal 8221)
   defining Unicode char U+201E (decimal 8222)
   defining Unicode char U+2030 (decimal 8240)
   defining Unicode char U+2031 (decimal 8241)
   defining Unicode char U+2039 (decimal 8249)
   defining Unicode char U+203A (decimal 8250)
   defining Unicode char U+2423 (decimal 9251)
)
Now handling font encoding OT1 ...
... processing UTF-8 mapping file for font encoding OT1

("C:\Program Files (x86)\MiKTeX 2.9\tex\latex\base\ot1enc.dfu"
File: ot1enc.dfu 2008/04/05 v1.1m UTF-8 support for inputenc
   defining Unicode char U+00A1 (decimal 161)
   defining Unicode char U+00A3 (decimal 163)
   defining Unicode char U+00B8 (decimal 184)
   defining Unicode char U+00BF (decimal 191)
   defining Unicode char U+00C5 (decimal 197)
   defining Unicode char U+00C6 (decimal 198)
   defining Unicode char U+00D8 (decimal 216)
   defining Unicode char U+00DF (decimal 223)
   defining Unicode char U+00E6 (decimal 230)
   defining Unicode char U+00EC (decimal 236)
   defining Unicode char U+00ED (decimal 237)
   defining Unicode char U+00EE (decimal 238)
   defining Unicode char U+00EF (decimal 239)
   defining Unicode char U+00F8 (decimal 248)
   defining Unicode char U+0131 (decimal 305)
   defining Unicode char U+0141 (decimal 321)
   defining Unicode char U+0142 (decimal 322)
   defining Unicode char U+0152 (decimal 338)
   defining Unicode char U+0153 (decimal 339)
   defining Unicode char U+2013 (decimal 8211)
   defining Unicode char U+2014 (decimal 8212)
   defining Unicode char U+2018 (decimal 8216)
   defining Unicode char U+2019 (decimal 8217)
   defining Unicode char U+201C (decimal 8220)
   defining Unicode char U+201D (decimal 8221)
)
Now handling font encoding OMS ...
... processing UTF-8 mapping file for font encoding OMS

("C:\Program Files (x86)\MiKTeX 2.9\tex\latex\base\omsenc.dfu"
File: omsenc.dfu 2008/04/05 v1.1m UTF-8 support for inputenc
   defining Unicode char U+00A7 (decimal 167)
   defining Unicode char U+00B6 (decimal 182)
   defining Unicode char U+00B7 (decimal 183)
   defining Unicode char U+2020 (decimal 8224)
   defining Unicode char U+2021 (decimal 8225)
   defining Unicode char U+2022 (decimal 8226)
)
Now handling font encoding OMX ...
... no UTF-8 mapping file for font encoding OMX
Now handling font encoding U ...
... no UTF-8 mapping file for font encoding U
   defining Unicode char U+00A9 (decimal 169)
   defining Unicode char U+00AA (decimal 170)
   defining Unicode char U+00AE (decimal 174)
   defining Unicode char U+00BA (decimal 186)
   defining Unicode char U+02C6 (decimal 710)
   defining Unicode char U+02DC (decimal 732)
   defining Unicode char U+200C (decimal 8204)
   defining Unicode char U+2026 (decimal 8230)
   defining Unicode char U+2122 (decimal 8482)
   defining Unicode char U+2423 (decimal 9251)
))
("C:\Program Files (x86)\MiKTeX 2.9\tex\latex\tools\xspace.sty"
Package: xspace 2009/10/20 v1.13 Space after command names (DPC,MH)
)
(C:\Users\sekol\AppData\Roaming\MiKTeX\2.9\tex\latex\easylist\easylist.sty
Package: easylist 2010/02/28 v.1.3 Numbered items with a single command.
\el@CounterTotal=\count109
\el@Scratch=\count110
\el@ControlCounter=\count111
\el@CounterLevel=\count112
\c@List1=\count113
\c@List2=\count114
\c@List3=\count115
\c@List4=\count116
\c@List5=\count117
\c@List6=\count118
\c@List7=\count119
\c@List8=\count120
\c@List9=\count121
\c@List10=\count122
\el@ProgressiveDimension=\dimen123
\el@CounterBox=\box30
\el@ControlBox=\box31
\el@TotalMargin=\dimen124
\el@LeftMove=\dimen125
)
(C:\Users\sekol\AppData\Roaming\MiKTeX\2.9\tex\latex\qtree\qtree.sty
Package: 2008/12/12 v.3.1bQtree: tree-drawing for linguistics
Package: qtree 2008/12/12 v.3.1bQtree: tree-drawing for linguistics
(C:\Users\sekol\AppData\Roaming\MiKTeX\2.9\tex\latex\pict2e\pict2e.sty
Package: pict2e 2011/04/05 v0.2y Improved picture commands (HjG,RN,JT)

("C:\Program Files (x86)\MiKTeX 2.9\tex\latex\00miktex\pict2e.cfg"
File: pict2e.cfg 2005/12/29 v1.0 MiKTeX 'pict2e' configuration
)
Package pict2e Info: Driver file: pdftex.def on input line 119.
Package pict2e Info: Driver file for pict2e: p2e-pdftex.def on input line 121.

(C:\Users\sekol\AppData\Roaming\MiKTeX\2.9\tex\latex\pict2e\p2e-pdftex.def
File: p2e-pdftex.def 2011/04/05 v0.1t Driver-dependant file (RN,HjG,JT)
)
\pIIe@GRAPH=\toks38
\@arclen=\dimen126
\@arcrad=\dimen127
\@tempdimd=\dimen128
)
\c@treecount=\count123
\c@branchcount=\count124
\parentbox=\box32
\treebox=\box33
\treeboxone=\box34
\treeboxtwo=\box35
\treeboxthree=\box36
\treeboxfour=\box37
\treeboxfive=\box38
\treeboxsix=\box39
\treeboxseven=\box40
\treeboxeight=\box41
\treeboxnine=\box42
\treeboxten=\box43
\treeboxeleven=\box44
\treeboxtwelve=\box45
\treeboxthirteen=\box46
\treeboxfourteen=\box47
\treeboxfifteen=\box48
\treeboxsixteen=\box49
\treeboxseventeen=\box50
\treeboxeighteen=\box51
\treeboxnineteen=\box52
\treeboxtwenty=\box53
\treeoffsetone=\skip44
\treeoffsettwo=\skip45
\treeoffsetthree=\skip46
\treeoffsetfour=\skip47
\treeoffsetfive=\skip48
\treeoffsetsix=\skip49
\treeoffsetseven=\skip50
\treeoffseteight=\skip51
\treeoffsetnine=\skip52
\treeoffsetten=\skip53
\treeoffseteleven=\skip54
\treeoffsettwelve=\skip55
\treeoffsetthirteen=\skip56
\treeoffsetfourteen=\skip57
\treeoffsetfifteen=\skip58
\treeoffsetsixteen=\skip59
\treeoffsetseventeen=\skip60
\treeoffseteighteen=\skip61
\treeoffsetnineteen=\skip62
\treeoffsettwenty=\skip63
\treeshiftone=\skip64
\treeshifttwo=\skip65
\treeshiftthree=\skip66
\treeshiftfour=\skip67
\treeshiftfive=\skip68
\treeshiftsix=\skip69
\treeshiftseven=\skip70
\treeshifteight=\skip71
\treeshiftnine=\skip72
\treeshiftten=\skip73
\treeshifteleven=\skip74
\treeshifttwelve=\skip75
\treeshiftthirteen=\skip76
\treeshiftfourteen=\skip77
\treeshiftfifteen=\skip78
\treeshiftsixteen=\skip79
\treeshiftseventeen=\skip80
\treeshifteighteen=\skip81
\treeshiftnineteen=\skip82
\treeshifttwenty=\skip83
\treewidthone=\skip84
\treewidthtwo=\skip85
\treewidththree=\skip86
\treewidthfour=\skip87
\treewidthfive=\skip88
\treewidthsix=\skip89
\treewidthseven=\skip90
\treewidtheight=\skip91
\treewidthnine=\skip92
\treewidthten=\skip93
\treewidtheleven=\skip94
\treewidthtwelve=\skip95
\treewidththirteen=\skip96
\treewidthfourteen=\skip97
\treewidthfifteen=\skip98
\treewidthsixteen=\skip99
\treewidthseventeen=\skip100
\treewidtheighteen=\skip101
\treewidthnineteen=\skip102
\treewidthtwenty=\skip103
\daughteroffsetone=\skip104
\daughteroffsettwo=\skip105
\daughteroffsetthree=\skip106
\daughteroffsetfour=\skip107
\branchwidthone=\skip108
\branchwidthtwo=\skip109
\branchwidththree=\skip110
\branchwidthfour=\skip111
\parentoffset=\skip112
\treeoffset=\skip113
\daughteroffset=\skip114
\branchwidth=\skip115
\parentwidth=\skip116
\treewidth=\skip117
\qta=\toks39
\qtb=\toks40
\nbranches=\count125
\qroofx=\count126
\qroofy=\count127
\@qrscratchbox=\box54
)
("C:\Program Files (x86)\MiKTeX 2.9\tex\latex\graphics\color.sty"
Package: color 2005/11/14 v1.0j Standard LaTeX Color (DPC)

("C:\Program Files (x86)\MiKTeX 2.9\tex\latex\00miktex\color.cfg"
File: color.cfg 2007/01/18 v1.5 color configuration of teTeX/TeXLive
)
Package color Info: Driver file: pdftex.def on input line 130.
)
\c@definition=\count128
\c@proposition=\count129

(C:\wamp\www\tomkren.github.io\tex\gecco14_b\gecco14.aux)
LaTeX Font Info:    Checking defaults for OML/cmm/m/it on input line 87.
LaTeX Font Info:    ... okay on input line 87.
LaTeX Font Info:    Checking defaults for T1/cmr/m/n on input line 87.
LaTeX Font Info:    ... okay on input line 87.
LaTeX Font Info:    Checking defaults for OT1/cmr/m/n on input line 87.
LaTeX Font Info:    ... okay on input line 87.
LaTeX Font Info:    Checking defaults for OMS/cmsy/m/n on input line 87.
LaTeX Font Info:    ... okay on input line 87.
LaTeX Font Info:    Checking defaults for OMX/cmex/m/n on input line 87.
LaTeX Font Info:    ... okay on input line 87.
LaTeX Font Info:    Checking defaults for U/cmr/m/n on input line 87.
LaTeX Font Info:    ... okay on input line 87.

(C:\Users\sekol\AppData\Roaming\MiKTeX\2.9\tex\context\base\supp-pdf.mkii
[Loading MPS to PDF converter (version 2006.09.02).]
\scratchcounter=\count130
\scratchdimen=\dimen129
\scratchbox=\box55
\nofMPsegments=\count131
\nofMParguments=\count132
\everyMPshowfont=\toks41
\MPscratchCnt=\count133
\MPscratchDim=\dimen130
\MPnumerator=\count134
\makeMPintoPDFobject=\count135
\everyMPtoPDFconversion=\toks42
)
LaTeX Font Info:    Try loading font information for U+msa on input line 120.
 ("C:\Program Files (x86)\MiKTeX 2.9\tex\latex\amsfonts\umsa.fd"
File: umsa.fd 2013/01/14 v3.01 AMS symbols A
)
LaTeX Font Info:    Try loading font information for U+msb on input line 120.

("C:\Program Files (x86)\MiKTeX 2.9\tex\latex\amsfonts\umsb.fd"
File: umsb.fd 2013/01/14 v3.01 AMS symbols B
)
LaTeX Font Info:    Try loading font information for U+lasy on input line 120.

("C:\Program Files (x86)\MiKTeX 2.9\tex\latex\base\ulasy.fd"
File: ulasy.fd 1998/08/17 v2.2e LaTeX symbol font definitions
)
Overfull \hbox (9.6358pt too wide) in paragraph at lines 185--185
\T1/aer/m/n/9 maj kla-sický S-výrazy, tak máme v záse dv¥ p°irozený moºnosti
 []


Overfull \hbox (3.60748pt too wide) in paragraph at lines 185--185
\T1/aer/m/n/9 biná-torech od za-£átku (a vy-h-nout se tak prom¥nejm a lambda
 []


Overfull \hbox (2.68741pt too wide) in paragraph at lines 185--185
\T1/aer/m/n/9 ko²atá teorie, která nap°ík-lad popisuje re-dukce lambda term·
 []


Overfull \hbox (2.54172pt too wide) in paragraph at lines 185--185
\T1/aer/m/n/9 prohledá-vací pros-tor se zmen²í, díky tomu, ºe se r·zné stromy
 []


Overfull \hbox (4.33635pt too wide) in paragraph at lines 185--185
\T1/aer/m/n/9 mální formy. ) (ALT2: Dost pod-statný os-pravedl-n¥ní lambda
 []


Overfull \hbox (16.75638pt too wide) in paragraph at lines 185--185
\T1/aer/m/n/9 (prom¥ná se m·ºe bez velký námahy ob-je-vit v hluboko vno°eném
 []


Overfull \hbox (12.90471pt too wide) in paragraph at lines 185--185
\T1/aer/m/n/9 mohlo sát ºe i pro-gramy gen-erovaný sys-témem kterej s prom¥ne-
 []


Overfull \hbox (5.77461pt too wide) in paragraph at lines 191--192
[]\T1/aer/m/n/9 ve shrnutí pa-peru °íct, ºe jeho t¥lo je tvo°eno dv¥ma £ástma,
 []


Underfull \vbox (badness 10000) has occurred while \output is active []

 [1{C:/Users/sekol/AppData/Local/MiKTeX/2.9/pdftex/config/pdftex.map}


]

LaTeX Warning: Reference `approach' on page \thepage  undefined on input line 1
93.

LaTeX Font Info:    Try loading font information for T1+aett on input line 216.

("C:\Program Files (x86)\MiKTeX 2.9\tex\latex\ae\t1aett.fd"
File: t1aett.fd 1997/11/16 Font definitions for T1/aett.
)
Overfull \hbox (1.73572pt too wide) in paragraph at lines 299--302
[]\T1/aer/m/n/9 In or-der to per-form com-pu-ta-tion there must be some mech-
 []


Underfull \hbox (badness 10000) in paragraph at lines 299--302

 []


Underfull \hbox (badness 10000) in paragraph at lines 324--327

 []

[2]
Overfull \hbox (9.94731pt too wide) in paragraph at lines 364--366
[]\T1/aer/m/n/9 Relation $\OMS/cmsy/m/n/9 ![] \OT1/cmr/m/n/9 = \OMS/cmsy/m/n/9 
![] [ ![]$\T1/aer/m/n/9 . (Re-la-tion $\OML/cmm/m/it/9 R \OT1/cmr/m/n/9 = \OMS/
cmsy/m/n/9 f \OT1/cmr/m/n/9 (\OML/cmm/m/it/9 a; b\OT1/cmr/m/n/9 ) \OMS/cmsy/m/n
/9 j \OML/cmm/m/it/9 a R b \OMS/cmsy/m/n/9 g$\T1/aer/m/n/9 .) 
 []


Underfull \hbox (badness 10000) in paragraph at lines 387--389

 []


Overfull \hbox (1.06596pt too wide) in paragraph at lines 447--451
[]\T1/aer/m/it/9 A state-ment $\OML/cmm/m/it/9 M [] [] $ \T1/aer/m/it/9 is der
iv-able from a con-
 []


Overfull \hbox (2.02396pt too wide) in paragraph at lines 493--497
[]\T1/aer/m/it/9 If $\OML/cmm/m/it/9 M$ \T1/aer/m/it/9 has a $\OML/cmm/m/it/9 
$\T1/aer/m/it/9 -nf, then it also has a unique
 []


Underfull \hbox (badness 10000) in paragraph at lines 506--512

 []


LaTeX Warning: Command \AE invalid in math mode on input line 521.

Missing character: There is no Æ in font cmr9!

LaTeX Warning: Command \AE invalid in math mode on input line 537.

Missing character: There is no Æ in font cmr9!

LaTeX Warning: Command \AE invalid in math mode on input line 537.

Missing character: There is no Æ in font cmr9!

LaTeX Warning: Command \AE invalid in math mode on input line 537.


LaTeX Warning: Command \AE invalid in math mode on input line 537.

Missing character: There is no Æ in font cmr9!
Missing character: There is no Æ in font cmr9!

LaTeX Warning: Command \AE invalid in math mode on input line 537.

Missing character: There is no Æ in font cmr9!

LaTeX Warning: Command \AE invalid in math mode on input line 537.

Missing character: There is no Æ in font cmr9!

LaTeX Warning: Command \AE invalid in math mode on input line 537.

Missing character: There is no Æ in font cmr9!

LaTeX Warning: Command \AE invalid in math mode on input line 537.

Missing character: There is no Æ in font cmr9!

LaTeX Warning: Command \AE invalid in math mode on input line 537.


LaTeX Warning: Command \AE invalid in math mode on input line 537.

Missing character: There is no Æ in font cmr9!
Missing character: There is no Æ in font cmr9!

LaTeX Warning: Command \AE invalid in math mode on input line 537.

Missing character: There is no Æ in font cmr9!

LaTeX Warning: Command \AE invalid in math mode on input line 537.


LaTeX Warning: Command \AE invalid in math mode on input line 537.

Missing character: There is no Æ in font cmr9!
Missing character: There is no Æ in font cmr9!

LaTeX Warning: Command \AE invalid in math mode on input line 537.

Missing character: There is no Æ in font cmr9!

LaTeX Warning: Command \AE invalid in math mode on input line 537.

Missing character: There is no Æ in font cmr9!

LaTeX Warning: Command \AE invalid in math mode on input line 537.


LaTeX Warning: Command \AE invalid in math mode on input line 537.

Missing character: There is no Æ in font cmr9!
Missing character: There is no Æ in font cmr9!

LaTeX Warning: Command \AE invalid in math mode on input line 537.

Missing character: There is no Æ in font cmr9!

LaTeX Warning: Command \AE invalid in math mode on input line 537.

Missing character: There is no Æ in font cmr9!

LaTeX Warning: Command \AE invalid in math mode on input line 537.

Missing character: There is no Æ in font cmr9!

LaTeX Warning: Command \AE invalid in math mode on input line 537.

Missing character: There is no Æ in font cmr9!

LaTeX Warning: Command \AE invalid in math mode on input line 537.


LaTeX Warning: Command \AE invalid in math mode on input line 537.

Missing character: There is no Æ in font cmr9!
Missing character: There is no Æ in font cmr9!

LaTeX Warning: Command \AE invalid in math mode on input line 537.

Missing character: There is no Æ in font cmr9!

LaTeX Warning: Command \AE invalid in math mode on input line 537.


LaTeX Warning: Command \AE invalid in math mode on input line 537.

Missing character: There is no Æ in font cmr9!
Missing character: There is no Æ in font cmr9!

LaTeX Warning: Citation `jones87' on page \thepage  undefined on input line 542
.


Underfull \hbox (badness 10000) in paragraph at lines 540--543

 []

[3]

LaTeX Warning: Citation `jones87' on page \thepage  undefined on input line 545
.


Overfull \hbox (10.69998pt too wide) in paragraph at lines 555--555
[]\secfnt TERM GEN-ER-AT-ING AND RE-DUC-TIONS 
 []


Overfull \hbox (4.20053pt too wide) in paragraph at lines 615--616
\T1/aer/m/n/9 nap°ík-lad pouºít kla-sickou raped half-and half strate-gii. Foot
-
 []


Underfull \hbox (badness 10000) in paragraph at lines 626--631

 []


Underfull \hbox (badness 10000) in paragraph at lines 660--663

 []


LaTeX Warning: Citation `barendregt84' on page \thepage  undefined on input lin
e 679.


Underfull \hbox (badness 10000) in paragraph at lines 693--695

 []


Underfull \hbox (badness 10000) in paragraph at lines 702--703

 []

[4]
Underfull \hbox (badness 10000) in paragraph at lines 731--734

 []


Underfull \hbox (badness 10000) in paragraph at lines 735--737

 []


Underfull \hbox (badness 10000) in paragraph at lines 740--745

 []


Overfull \hbox (4.13866pt too wide) in paragraph at lines 794--794
\T1/aer/m/n/9 padn¥ ji nahra-dit nov¥ vy-gen-erovaným ter-mem poºadovaného
 []


Overfull \hbox (1.57349pt too wide) in paragraph at lines 794--794
\T1/aer/m/n/9 p°evést do kom-bi-na-torové podoby po-mocí elmin ab-str. Tento
 []


Overfull \hbox (4.34431pt too wide) in paragraph at lines 794--794
\T1/aer/m/n/9 chom nahradili S,K,I za odpoví-da-jící termy a re-dukovlaito,tak
 []


Overfull \hbox (3.77837pt too wide) in paragraph at lines 796--796
[]\secfnt Pokra£ujou zkop£enosti z théze aº dokonce 
 []


Underfull \hbox (badness 10000) in paragraph at lines 800--805

 []


Overfull \hbox (17.81758pt too wide) in paragraph at lines 808--811
\T1/aer/m/n/9 swap-ping ran-domly se-lected sub-trees in each par-ent S-express
ion. 
 []


Underfull \hbox (badness 10000) in paragraph at lines 812--813

 []

[5]
Underfull \hbox (badness 10000) in paragraph at lines 817--820

 []


Underfull \hbox (badness 10000) in paragraph at lines 825--827

 []


Underfull \hbox (badness 10000) in paragraph at lines 833--834

 []


Underfull \hbox (badness 10000) in paragraph at lines 891--892

 []


Underfull \hbox (badness 10000) in paragraph at lines 893--896

 []


Underfull \hbox (badness 10000) in paragraph at lines 898--903

 []


Underfull \hbox (badness 10000) in paragraph at lines 906--911

 []


Underfull \hbox (badness 10000) in paragraph at lines 912--914

 []


Underfull \hbox (badness 10000) in paragraph at lines 915--918

 []

(C:\wamp\www\tomkren.github.io\tex\gecco14_b\gecco14.bbl [6]) [7

]
(C:\wamp\www\tomkren.github.io\tex\gecco14_b\gecco14.aux)

LaTeX Warning: There were undefined references.

 ) 
Here is how much of TeX's memory you used:
 3543 strings out of 493921
 41618 string characters out of 3144876
 118964 words of memory out of 3000000
 6739 multiletter control sequences out of 15000+200000
 65312 words of font info for 85 fonts, out of 3000000 for 9000
 841 hyphenation exceptions out of 8191
 41i,13n,28p,1211b,320s stack positions out of 5000i,500n,10000p,200000b,50000s
{C:/Program Files (x86)/MiKTeX 2.9/fonts/enc/dvips/fontname/8r.enc}<C:/Progra
m Files (x86)/MiKTeX 2.9/fonts/type1/public/amsfonts/cm/cmbx6.pfb><C:/Program F
iles (x86)/MiKTeX 2.9/fonts/type1/public/amsfonts/cm/cmbx9.pfb><C:/Program File
s (x86)/MiKTeX 2.9/fonts/type1/public/amsfonts/cm/cmcsc10.pfb><C:/Program Files
 (x86)/MiKTeX 2.9/fonts/type1/public/amsfonts/cm/cmmi6.pfb><C:/Program Files (x
86)/MiKTeX 2.9/fonts/type1/public/amsfonts/cm/cmmi9.pfb><C:/Program Files (x86)
/MiKTeX 2.9/fonts/type1/public/amsfonts/cm/cmr5.pfb><C:/Program Files (x86)/MiK
TeX 2.9/fonts/type1/public/amsfonts/cm/cmr6.pfb><C:/Program Files (x86)/MiKTeX 
2.9/fonts/type1/public/amsfonts/cm/cmr9.pfb><C:/Program Files (x86)/MiKTeX 2.9/
fonts/type1/public/amsfonts/cm/cmsy5.pfb><C:/Program Files (x86)/MiKTeX 2.9/fon
ts/type1/public/amsfonts/cm/cmsy6.pfb><C:/Program Files (x86)/MiKTeX 2.9/fonts/
type1/public/amsfonts/cm/cmsy9.pfb><C:/Program Files (x86)/MiKTeX 2.9/fonts/typ
e1/public/amsfonts/cm/cmti9.pfb><C:/Program Files (x86)/MiKTeX 2.9/fonts/type1/
public/amsfonts/cm/cmtt9.pfb><C:/Program Files (x86)/MiKTeX 2.9/fonts/type1/pub
lic/amsfonts/symbols/msam10.pfb><C:/Program Files (x86)/MiKTeX 2.9/fonts/type1/
public/amsfonts/symbols/msbm10.pfb><C:/Program Files (x86)/MiKTeX 2.9/fonts/typ
e1/urw/helvetic/uhvb8a.pfb><C:/Program Files (x86)/MiKTeX 2.9/fonts/type1/urw/h
elvetic/uhvr8a.pfb><C:/Program Files (x86)/MiKTeX 2.9/fonts/type1/urw/times/utm
b8a.pfb><C:/Program Files (x86)/MiKTeX 2.9/fonts/type1/urw/times/utmr8a.pfb><C:
/Program Files (x86)/MiKTeX 2.9/fonts/type1/urw/times/utmri8a.pfb>
Output written on gecco14.pdf (7 pages, 269547 bytes).
PDF statistics:
 107 PDF objects out of 1000 (max. 8388607)
 0 named destinations out of 1000 (max. 500000)
 1 words of extra memory for PDF output out of 10000 (max. 10000000)

