This is pdfTeX, Version 3.1415926-2.4-1.40.13 (MiKTeX 2.9) (preloaded format=pdflatex 2013.4.26)  15 APR 2014 01:50
entering extended mode
**thesis.tex
(C:\wamp\www\tomkren.github.io\tex\thesis\thesis.tex
LaTeX2e <2011/06/27>
Babel <v3.8m> and hyphenation patterns for english, afrikaans, ancientgreek, ar
abic, armenian, assamese, basque, bengali, bokmal, bulgarian, catalan, coptic, 
croatian, czech, danish, dutch, esperanto, estonian, farsi, finnish, french, ga
lician, german, german-x-2012-05-30, greek, gujarati, hindi, hungarian, iceland
ic, indonesian, interlingua, irish, italian, kannada, kurmanji, latin, latvian,
 lithuanian, malayalam, marathi, mongolian, mongolianlmc, monogreek, ngerman, n
german-x-2012-05-30, nynorsk, oriya, panjabi, pinyin, polish, portuguese, roman
ian, russian, sanskrit, serbian, slovak, slovenian, spanish, swedish, swissgerm
an, tamil, telugu, turkish, turkmen, ukenglish, ukrainian, uppersorbian, usengl
ishmax, welsh, loaded.
("C:\Program Files (x86)\MiKTeX 2.9\tex\latex\base\report.cls"
Document Class: report 2007/10/19 v1.4h Standard LaTeX document class
("C:\Program Files (x86)\MiKTeX 2.9\tex\latex\base\size12.clo"
File: size12.clo 2007/10/19 v1.4h Standard LaTeX file (size option)
)
\c@part=\count79
\c@chapter=\count80
\c@section=\count81
\c@subsection=\count82
\c@subsubsection=\count83
\c@paragraph=\count84
\c@subparagraph=\count85
\c@figure=\count86
\c@table=\count87
\abovecaptionskip=\skip41
\belowcaptionskip=\skip42
\bibindent=\dimen102
)
("C:\Program Files (x86)\MiKTeX 2.9\tex\latex\base\inputenc.sty"
Package: inputenc 2008/03/30 v1.1d Input encoding file
\inpenc@prehook=\toks14
\inpenc@posthook=\toks15

("C:\Program Files (x86)\MiKTeX 2.9\tex\latex\base\utf8.def"
File: utf8.def 2008/04/05 v1.1m UTF-8 support for inputenc
Now handling font encoding OML ...
... no UTF-8 mapping file for font encoding OML
Now handling font encoding T1 ...
... processing UTF-8 mapping file for font encoding T1

("C:\Program Files (x86)\MiKTeX 2.9\tex\latex\base\t1enc.dfu"
File: t1enc.dfu 2008/04/05 v1.1m UTF-8 support for inputenc
   defining Unicode char U+00A1 (decimal 161)
   defining Unicode char U+00A3 (decimal 163)
   defining Unicode char U+00AB (decimal 171)
   defining Unicode char U+00BB (decimal 187)
   defining Unicode char U+00BF (decimal 191)
   defining Unicode char U+00C0 (decimal 192)
   defining Unicode char U+00C1 (decimal 193)
   defining Unicode char U+00C2 (decimal 194)
   defining Unicode char U+00C3 (decimal 195)
   defining Unicode char U+00C4 (decimal 196)
   defining Unicode char U+00C5 (decimal 197)
   defining Unicode char U+00C6 (decimal 198)
   defining Unicode char U+00C7 (decimal 199)
   defining Unicode char U+00C8 (decimal 200)
   defining Unicode char U+00C9 (decimal 201)
   defining Unicode char U+00CA (decimal 202)
   defining Unicode char U+00CB (decimal 203)
   defining Unicode char U+00CC (decimal 204)
   defining Unicode char U+00CD (decimal 205)
   defining Unicode char U+00CE (decimal 206)
   defining Unicode char U+00CF (decimal 207)
   defining Unicode char U+00D0 (decimal 208)
   defining Unicode char U+00D1 (decimal 209)
   defining Unicode char U+00D2 (decimal 210)
   defining Unicode char U+00D3 (decimal 211)
   defining Unicode char U+00D4 (decimal 212)
   defining Unicode char U+00D5 (decimal 213)
   defining Unicode char U+00D6 (decimal 214)
   defining Unicode char U+00D8 (decimal 216)
   defining Unicode char U+00D9 (decimal 217)
   defining Unicode char U+00DA (decimal 218)
   defining Unicode char U+00DB (decimal 219)
   defining Unicode char U+00DC (decimal 220)
   defining Unicode char U+00DD (decimal 221)
   defining Unicode char U+00DE (decimal 222)
   defining Unicode char U+00DF (decimal 223)
   defining Unicode char U+00E0 (decimal 224)
   defining Unicode char U+00E1 (decimal 225)
   defining Unicode char U+00E2 (decimal 226)
   defining Unicode char U+00E3 (decimal 227)
   defining Unicode char U+00E4 (decimal 228)
   defining Unicode char U+00E5 (decimal 229)
   defining Unicode char U+00E6 (decimal 230)
   defining Unicode char U+00E7 (decimal 231)
   defining Unicode char U+00E8 (decimal 232)
   defining Unicode char U+00E9 (decimal 233)
   defining Unicode char U+00EA (decimal 234)
   defining Unicode char U+00EB (decimal 235)
   defining Unicode char U+00EC (decimal 236)
   defining Unicode char U+00ED (decimal 237)
   defining Unicode char U+00EE (decimal 238)
   defining Unicode char U+00EF (decimal 239)
   defining Unicode char U+00F0 (decimal 240)
   defining Unicode char U+00F1 (decimal 241)
   defining Unicode char U+00F2 (decimal 242)
   defining Unicode char U+00F3 (decimal 243)
   defining Unicode char U+00F4 (decimal 244)
   defining Unicode char U+00F5 (decimal 245)
   defining Unicode char U+00F6 (decimal 246)
   defining Unicode char U+00F8 (decimal 248)
   defining Unicode char U+00F9 (decimal 249)
   defining Unicode char U+00FA (decimal 250)
   defining Unicode char U+00FB (decimal 251)
   defining Unicode char U+00FC (decimal 252)
   defining Unicode char U+00FD (decimal 253)
   defining Unicode char U+00FE (decimal 254)
   defining Unicode char U+00FF (decimal 255)
   defining Unicode char U+0102 (decimal 258)
   defining Unicode char U+0103 (decimal 259)
   defining Unicode char U+0104 (decimal 260)
   defining Unicode char U+0105 (decimal 261)
   defining Unicode char U+0106 (decimal 262)
   defining Unicode char U+0107 (decimal 263)
   defining Unicode char U+010C (decimal 268)
   defining Unicode char U+010D (decimal 269)
   defining Unicode char U+010E (decimal 270)
   defining Unicode char U+010F (decimal 271)
   defining Unicode char U+0110 (decimal 272)
   defining Unicode char U+0111 (decimal 273)
   defining Unicode char U+0118 (decimal 280)
   defining Unicode char U+0119 (decimal 281)
   defining Unicode char U+011A (decimal 282)
   defining Unicode char U+011B (decimal 283)
   defining Unicode char U+011E (decimal 286)
   defining Unicode char U+011F (decimal 287)
   defining Unicode char U+0130 (decimal 304)
   defining Unicode char U+0131 (decimal 305)
   defining Unicode char U+0132 (decimal 306)
   defining Unicode char U+0133 (decimal 307)
   defining Unicode char U+0139 (decimal 313)
   defining Unicode char U+013A (decimal 314)
   defining Unicode char U+013D (decimal 317)
   defining Unicode char U+013E (decimal 318)
   defining Unicode char U+0141 (decimal 321)
   defining Unicode char U+0142 (decimal 322)
   defining Unicode char U+0143 (decimal 323)
   defining Unicode char U+0144 (decimal 324)
   defining Unicode char U+0147 (decimal 327)
   defining Unicode char U+0148 (decimal 328)
   defining Unicode char U+014A (decimal 330)
   defining Unicode char U+014B (decimal 331)
   defining Unicode char U+0150 (decimal 336)
   defining Unicode char U+0151 (decimal 337)
   defining Unicode char U+0152 (decimal 338)
   defining Unicode char U+0153 (decimal 339)
   defining Unicode char U+0154 (decimal 340)
   defining Unicode char U+0155 (decimal 341)
   defining Unicode char U+0158 (decimal 344)
   defining Unicode char U+0159 (decimal 345)
   defining Unicode char U+015A (decimal 346)
   defining Unicode char U+015B (decimal 347)
   defining Unicode char U+015E (decimal 350)
   defining Unicode char U+015F (decimal 351)
   defining Unicode char U+0160 (decimal 352)
   defining Unicode char U+0161 (decimal 353)
   defining Unicode char U+0162 (decimal 354)
   defining Unicode char U+0163 (decimal 355)
   defining Unicode char U+0164 (decimal 356)
   defining Unicode char U+0165 (decimal 357)
   defining Unicode char U+016E (decimal 366)
   defining Unicode char U+016F (decimal 367)
   defining Unicode char U+0170 (decimal 368)
   defining Unicode char U+0171 (decimal 369)
   defining Unicode char U+0178 (decimal 376)
   defining Unicode char U+0179 (decimal 377)
   defining Unicode char U+017A (decimal 378)
   defining Unicode char U+017B (decimal 379)
   defining Unicode char U+017C (decimal 380)
   defining Unicode char U+017D (decimal 381)
   defining Unicode char U+017E (decimal 382)
   defining Unicode char U+200C (decimal 8204)
   defining Unicode char U+2013 (decimal 8211)
   defining Unicode char U+2014 (decimal 8212)
   defining Unicode char U+2018 (decimal 8216)
   defining Unicode char U+2019 (decimal 8217)
   defining Unicode char U+201A (decimal 8218)
   defining Unicode char U+201C (decimal 8220)
   defining Unicode char U+201D (decimal 8221)
   defining Unicode char U+201E (decimal 8222)
   defining Unicode char U+2030 (decimal 8240)
   defining Unicode char U+2031 (decimal 8241)
   defining Unicode char U+2039 (decimal 8249)
   defining Unicode char U+203A (decimal 8250)
   defining Unicode char U+2423 (decimal 9251)
)
Now handling font encoding OT1 ...
... processing UTF-8 mapping file for font encoding OT1

("C:\Program Files (x86)\MiKTeX 2.9\tex\latex\base\ot1enc.dfu"
File: ot1enc.dfu 2008/04/05 v1.1m UTF-8 support for inputenc
   defining Unicode char U+00A1 (decimal 161)
   defining Unicode char U+00A3 (decimal 163)
   defining Unicode char U+00B8 (decimal 184)
   defining Unicode char U+00BF (decimal 191)
   defining Unicode char U+00C5 (decimal 197)
   defining Unicode char U+00C6 (decimal 198)
   defining Unicode char U+00D8 (decimal 216)
   defining Unicode char U+00DF (decimal 223)
   defining Unicode char U+00E6 (decimal 230)
   defining Unicode char U+00EC (decimal 236)
   defining Unicode char U+00ED (decimal 237)
   defining Unicode char U+00EE (decimal 238)
   defining Unicode char U+00EF (decimal 239)
   defining Unicode char U+00F8 (decimal 248)
   defining Unicode char U+0131 (decimal 305)
   defining Unicode char U+0141 (decimal 321)
   defining Unicode char U+0142 (decimal 322)
   defining Unicode char U+0152 (decimal 338)
   defining Unicode char U+0153 (decimal 339)
   defining Unicode char U+2013 (decimal 8211)
   defining Unicode char U+2014 (decimal 8212)
   defining Unicode char U+2018 (decimal 8216)
   defining Unicode char U+2019 (decimal 8217)
   defining Unicode char U+201C (decimal 8220)
   defining Unicode char U+201D (decimal 8221)
)
Now handling font encoding OMS ...
... processing UTF-8 mapping file for font encoding OMS

("C:\Program Files (x86)\MiKTeX 2.9\tex\latex\base\omsenc.dfu"
File: omsenc.dfu 2008/04/05 v1.1m UTF-8 support for inputenc
   defining Unicode char U+00A7 (decimal 167)
   defining Unicode char U+00B6 (decimal 182)
   defining Unicode char U+00B7 (decimal 183)
   defining Unicode char U+2020 (decimal 8224)
   defining Unicode char U+2021 (decimal 8225)
   defining Unicode char U+2022 (decimal 8226)
)
Now handling font encoding OMX ...
... no UTF-8 mapping file for font encoding OMX
Now handling font encoding U ...
... no UTF-8 mapping file for font encoding U
   defining Unicode char U+00A9 (decimal 169)
   defining Unicode char U+00AA (decimal 170)
   defining Unicode char U+00AE (decimal 174)
   defining Unicode char U+00BA (decimal 186)
   defining Unicode char U+02C6 (decimal 710)
   defining Unicode char U+02DC (decimal 732)
   defining Unicode char U+200C (decimal 8204)
   defining Unicode char U+2026 (decimal 8230)
   defining Unicode char U+2122 (decimal 8482)
   defining Unicode char U+2423 (decimal 9251)
))
(C:\Users\sekol\AppData\Roaming\MiKTeX\2.9\tex\latex\qtree\qtree.sty
Package: 2008/12/12 v.3.1bQtree: tree-drawing for linguistics
Package: qtree 2008/12/12 v.3.1bQtree: tree-drawing for linguistics
(C:\Users\sekol\AppData\Roaming\MiKTeX\2.9\tex\latex\pict2e\pict2e.sty
Package: pict2e 2011/04/05 v0.2y Improved picture commands (HjG,RN,JT)

("C:\Program Files (x86)\MiKTeX 2.9\tex\latex\00miktex\pict2e.cfg"
File: pict2e.cfg 2005/12/29 v1.0 MiKTeX 'pict2e' configuration
)
Package pict2e Info: Driver file: pdftex.def on input line 119.

("C:\Program Files (x86)\MiKTeX 2.9\tex\latex\pdftex-def\pdftex.def"
File: pdftex.def 2011/05/27 v0.06d Graphics/color for pdfTeX

("C:\Program Files (x86)\MiKTeX 2.9\tex\generic\oberdiek\infwarerr.sty"
Package: infwarerr 2010/04/08 v1.3 Providing info/warning/error messages (HO)
)
("C:\Program Files (x86)\MiKTeX 2.9\tex\generic\oberdiek\ltxcmds.sty"
Package: ltxcmds 2011/11/09 v1.22 LaTeX kernel commands for general use (HO)
)
\Gread@gobject=\count88
)
Package pict2e Info: Driver file for pict2e: p2e-pdftex.def on input line 121.

(C:\Users\sekol\AppData\Roaming\MiKTeX\2.9\tex\latex\pict2e\p2e-pdftex.def
File: p2e-pdftex.def 2011/04/05 v0.1t Driver-dependant file (RN,HjG,JT)
)
("C:\Program Files (x86)\MiKTeX 2.9\tex\latex\graphics\trig.sty"
Package: trig 1999/03/16 v1.09 sin cos tan (DPC)
)
\pIIe@GRAPH=\toks16
\@arclen=\dimen103
\@arcrad=\dimen104
\@tempdimd=\dimen105
)
\c@treecount=\count89
\c@branchcount=\count90
\parentbox=\box26
\treebox=\box27
\treeboxone=\box28
\treeboxtwo=\box29
\treeboxthree=\box30
\treeboxfour=\box31
\treeboxfive=\box32
\treeboxsix=\box33
\treeboxseven=\box34
\treeboxeight=\box35
\treeboxnine=\box36
\treeboxten=\box37
\treeboxeleven=\box38
\treeboxtwelve=\box39
\treeboxthirteen=\box40
\treeboxfourteen=\box41
\treeboxfifteen=\box42
\treeboxsixteen=\box43
\treeboxseventeen=\box44
\treeboxeighteen=\box45
\treeboxnineteen=\box46
\treeboxtwenty=\box47
\treeoffsetone=\skip43
\treeoffsettwo=\skip44
\treeoffsetthree=\skip45
\treeoffsetfour=\skip46
\treeoffsetfive=\skip47
\treeoffsetsix=\skip48
\treeoffsetseven=\skip49
\treeoffseteight=\skip50
\treeoffsetnine=\skip51
\treeoffsetten=\skip52
\treeoffseteleven=\skip53
\treeoffsettwelve=\skip54
\treeoffsetthirteen=\skip55
\treeoffsetfourteen=\skip56
\treeoffsetfifteen=\skip57
\treeoffsetsixteen=\skip58
\treeoffsetseventeen=\skip59
\treeoffseteighteen=\skip60
\treeoffsetnineteen=\skip61
\treeoffsettwenty=\skip62
\treeshiftone=\skip63
\treeshifttwo=\skip64
\treeshiftthree=\skip65
\treeshiftfour=\skip66
\treeshiftfive=\skip67
\treeshiftsix=\skip68
\treeshiftseven=\skip69
\treeshifteight=\skip70
\treeshiftnine=\skip71
\treeshiftten=\skip72
\treeshifteleven=\skip73
\treeshifttwelve=\skip74
\treeshiftthirteen=\skip75
\treeshiftfourteen=\skip76
\treeshiftfifteen=\skip77
\treeshiftsixteen=\skip78
\treeshiftseventeen=\skip79
\treeshifteighteen=\skip80
\treeshiftnineteen=\skip81
\treeshifttwenty=\skip82
\treewidthone=\skip83
\treewidthtwo=\skip84
\treewidththree=\skip85
\treewidthfour=\skip86
\treewidthfive=\skip87
\treewidthsix=\skip88
\treewidthseven=\skip89
\treewidtheight=\skip90
\treewidthnine=\skip91
\treewidthten=\skip92
\treewidtheleven=\skip93
\treewidthtwelve=\skip94
\treewidththirteen=\skip95
\treewidthfourteen=\skip96
\treewidthfifteen=\skip97
\treewidthsixteen=\skip98
\treewidthseventeen=\skip99
\treewidtheighteen=\skip100
\treewidthnineteen=\skip101
\treewidthtwenty=\skip102
\daughteroffsetone=\skip103
\daughteroffsettwo=\skip104
\daughteroffsetthree=\skip105
\daughteroffsetfour=\skip106
\branchwidthone=\skip107
\branchwidthtwo=\skip108
\branchwidththree=\skip109
\branchwidthfour=\skip110
\parentoffset=\skip111
\treeoffset=\skip112
\daughteroffset=\skip113
\branchwidth=\skip114
\parentwidth=\skip115
\treewidth=\skip116
\qta=\toks17
\qtb=\toks18
\nbranches=\count91
\qroofx=\count92
\qroofy=\count93
\@qrscratchbox=\box48
)
("C:\Program Files (x86)\MiKTeX 2.9\tex\latex\graphics\color.sty"
Package: color 2005/11/14 v1.0j Standard LaTeX Color (DPC)

("C:\Program Files (x86)\MiKTeX 2.9\tex\latex\00miktex\color.cfg"
File: color.cfg 2007/01/18 v1.5 color configuration of teTeX/TeXLive
)
Package color Info: Driver file: pdftex.def on input line 130.
)
(C:\Users\sekol\AppData\Roaming\MiKTeX\2.9\tex\latex\easylist\easylist.sty
Package: easylist 2010/02/28 v.1.3 Numbered items with a single command.
\el@CounterTotal=\count94
\el@Scratch=\count95
\el@ControlCounter=\count96
\el@CounterLevel=\count97
\c@List1=\count98
\c@List2=\count99
\c@List3=\count100
\c@List4=\count101
\c@List5=\count102
\c@List6=\count103
\c@List7=\count104
\c@List8=\count105
\c@List9=\count106
\c@List10=\count107
\el@ProgressiveDimension=\dimen106
\el@CounterBox=\box49
\el@ControlBox=\box50
\el@TotalMargin=\dimen107
\el@LeftMove=\dimen108
)
("C:\Program Files (x86)\MiKTeX 2.9\tex\latex\amsfonts\amssymb.sty"
Package: amssymb 2013/01/14 v3.01 AMS font symbols

("C:\Program Files (x86)\MiKTeX 2.9\tex\latex\amsfonts\amsfonts.sty"
Package: amsfonts 2013/01/14 v3.01 Basic AMSFonts support
\@emptytoks=\toks19
\symAMSa=\mathgroup4
\symAMSb=\mathgroup5
LaTeX Font Info:    Overwriting math alphabet `\mathfrak' in version `bold'
(Font)                  U/euf/m/n --> U/euf/b/n on input line 106.
))
(C:\Users\sekol\AppData\Roaming\MiKTeX\2.9\tex\latex\algorithm2e\algorithm2e.st
y
Package: algorithm2e 2013/01/06 v5.00 algorithms environments
\c@AlgoLine=\count108
 ("C:\Program Files (x86)\MiKTeX 2.9\tex\latex\base\ifthen.sty"
Package: ifthen 2001/05/26 v1.1c Standard LaTeX ifthen package (DPC)
)
("C:\Program Files (x86)\MiKTeX 2.9\tex\latex\tools\xspace.sty"
Package: xspace 2009/10/20 v1.13 Space after command names (DPC,MH)
)
("C:\Program Files (x86)\MiKTeX 2.9\tex\latex\ltxmisc\relsize.sty"
Package: relsize 2003/07/04 ver 3.1
)
********************************************************
Package `algorithm2e' Release 5.0 -- january 06 2013 --
- algorithm2e-announce@lirmm.fr mailing list for announcement about releases
- algorithm2e-discussion@lirmm.fr mailing list for discussion about package
subscribe by emailing sympa@lirmm.fr with 'subscribe <list> <firstname name>'
- Author: Christophe Fiorio (cfiorio@um2.fr)
********************************************************
\skiptotal=\skip117
\skiplinenumber=\skip118
\skiprule=\skip119
\skiphlne=\skip120
\skiptext=\skip121
\skiplength=\skip122
\algomargin=\skip123
\skipalgocfslide=\skip124
\algowidth=\dimen109
\inoutsize=\dimen110
\inoutindent=\dimen111
\interspacetitleruled=\dimen112
\interspacealgoruled=\dimen113
\interspacetitleboxruled=\dimen114
\algocf@inoutbox=\box51
\algocf@inputbox=\box52
\AlCapSkip=\skip125
\AlCapHSkip=\skip126
\algoskipindent=\skip127
\algocf@nlbox=\box53
\algocf@hangingbox=\box54
\algocf@untilbox=\box55
\algocf@skipuntil=\skip128
\algocf@capbox=\box56
\algoheightruledefault=\skip129
\algoheightrule=\skip130
\algotitleheightruledefault=\skip131
\algotitleheightrule=\skip132
\c@algocfline=\count109
\c@algocfproc=\count110
\c@algocf=\count111
\algocf@algoframe=\box57
\algocf@algobox=\box58
) (C:\Users\sekol\AppData\Roaming\MiKTeX\2.9\tex\latex\framed\framed.sty
Package: framed 2011/10/22 v 0.96: framed or shaded text with page breaks
\OuterFrameSep=\skip133
\fb@frw=\dimen115
\fb@frh=\dimen116
\FrameRule=\dimen117
\FrameSep=\dimen118
)
("C:\Program Files (x86)\MiKTeX 2.9\tex\latex\amsmath\amsmath.sty"
Package: amsmath 2013/01/14 v2.14 AMS math features
\@mathmargin=\skip134

For additional information on amsmath, use the `?' option.
("C:\Program Files (x86)\MiKTeX 2.9\tex\latex\amsmath\amstext.sty"
Package: amstext 2000/06/29 v2.01

("C:\Program Files (x86)\MiKTeX 2.9\tex\latex\amsmath\amsgen.sty"
File: amsgen.sty 1999/11/30 v2.0
\@emptytoks=\toks20
\ex@=\dimen119
))
("C:\Program Files (x86)\MiKTeX 2.9\tex\latex\amsmath\amsbsy.sty"
Package: amsbsy 1999/11/29 v1.2d
\pmbraise@=\dimen120
)
("C:\Program Files (x86)\MiKTeX 2.9\tex\latex\amsmath\amsopn.sty"
Package: amsopn 1999/12/14 v2.01 operator names
)
\inf@bad=\count112
LaTeX Info: Redefining \frac on input line 210.
\uproot@=\count113
\leftroot@=\count114
LaTeX Info: Redefining \overline on input line 306.
\classnum@=\count115
\DOTSCASE@=\count116
LaTeX Info: Redefining \ldots on input line 378.
LaTeX Info: Redefining \dots on input line 381.
LaTeX Info: Redefining \cdots on input line 466.
\Mathstrutbox@=\box59
\strutbox@=\box60
\big@size=\dimen121
LaTeX Font Info:    Redeclaring font encoding OML on input line 566.
LaTeX Font Info:    Redeclaring font encoding OMS on input line 567.
\macc@depth=\count117
\c@MaxMatrixCols=\count118
\dotsspace@=\muskip10
\c@parentequation=\count119
\dspbrk@lvl=\count120
\tag@help=\toks21
\row@=\count121
\column@=\count122
\maxfields@=\count123
\andhelp@=\toks22
\eqnshift@=\dimen122
\alignsep@=\dimen123
\tagshift@=\dimen124
\tagwidth@=\dimen125
\totwidth@=\dimen126
\lineht@=\dimen127
\@envbody=\toks23
\multlinegap=\skip135
\multlinetaggap=\skip136
\mathdisplay@stack=\toks24
LaTeX Info: Redefining \[ on input line 2665.
LaTeX Info: Redefining \] on input line 2666.
)
("C:\Program Files (x86)\MiKTeX 2.9\tex\latex\amscls\amsthm.sty"
Package: amsthm 2004/08/06 v2.20
\thm@style=\toks25
\thm@bodyfont=\toks26
\thm@headfont=\toks27
\thm@notefont=\toks28
\thm@headpunct=\toks29
\thm@preskip=\skip137
\thm@postskip=\skip138
\thm@headsep=\skip139
\dth@everypar=\toks30
)
("C:\Program Files (x86)\MiKTeX 2.9\tex\latex\graphics\graphicx.sty"
Package: graphicx 1999/02/16 v1.0f Enhanced LaTeX Graphics (DPC,SPQR)

("C:\Program Files (x86)\MiKTeX 2.9\tex\latex\graphics\keyval.sty"
Package: keyval 1999/03/16 v1.13 key=value parser (DPC)
\KV@toks@=\toks31
)
("C:\Program Files (x86)\MiKTeX 2.9\tex\latex\graphics\graphics.sty"
Package: graphics 2009/02/05 v1.0o Standard LaTeX Graphics (DPC,SPQR)

("C:\Program Files (x86)\MiKTeX 2.9\tex\latex\00miktex\graphics.cfg"
File: graphics.cfg 2007/01/18 v1.5 graphics configuration of teTeX/TeXLive
)
Package graphics Info: Driver file: pdftex.def on input line 91.
)
\Gin@req@height=\dimen128
\Gin@req@width=\dimen129
)
("C:\Program Files (x86)\MiKTeX 2.9\tex\latex\hyperref\hyperref.sty"
Package: hyperref 2012/11/06 v6.83m Hypertext links for LaTeX

("C:\Program Files (x86)\MiKTeX 2.9\tex\generic\oberdiek\hobsub-hyperref.sty"
Package: hobsub-hyperref 2012/04/25 v1.12 Bundle oberdiek, subset hyperref (HO)


("C:\Program Files (x86)\MiKTeX 2.9\tex\generic\oberdiek\hobsub-generic.sty"
Package: hobsub-generic 2012/04/25 v1.12 Bundle oberdiek, subset generic (HO)
Package: hobsub 2012/04/25 v1.12 Construct package bundles (HO)
Package hobsub Info: Skipping package `infwarerr' (already loaded).
Package hobsub Info: Skipping package `ltxcmds' (already loaded).
Package: ifluatex 2010/03/01 v1.3 Provides the ifluatex switch (HO)
Package ifluatex Info: LuaTeX not detected.
Package: ifvtex 2010/03/01 v1.5 Detect VTeX and its facilities (HO)
Package ifvtex Info: VTeX not detected.
Package: intcalc 2007/09/27 v1.1 Expandable calculations with integers (HO)
Package: ifpdf 2011/01/30 v2.3 Provides the ifpdf switch (HO)
Package ifpdf Info: pdfTeX in PDF mode is detected.
Package: etexcmds 2011/02/16 v1.5 Avoid name clashes with e-TeX commands (HO)
Package etexcmds Info: Could not find \expanded.
(etexcmds)             That can mean that you are not using pdfTeX 1.50 or
(etexcmds)             that some package has redefined \expanded.
(etexcmds)             In the latter case, load this package earlier.
Package: kvsetkeys 2012/04/25 v1.16 Key value parser (HO)
Package: kvdefinekeys 2011/04/07 v1.3 Define keys (HO)
Package: pdftexcmds 2011/11/29 v0.20 Utility functions of pdfTeX for LuaTeX (HO
)
Package pdftexcmds Info: LuaTeX not detected.
Package pdftexcmds Info: \pdf@primitive is available.
Package pdftexcmds Info: \pdf@ifprimitive is available.
Package pdftexcmds Info: \pdfdraftmode found.
Package: pdfescape 2011/11/25 v1.13 Implements pdfTeX's escape features (HO)
Package: bigintcalc 2012/04/08 v1.3 Expandable calculations on big integers (HO
)
Package: bitset 2011/01/30 v1.1 Handle bit-vector datatype (HO)
Package: uniquecounter 2011/01/30 v1.2 Provide unlimited unique counter (HO)
)
Package hobsub Info: Skipping package `hobsub' (already loaded).
Package: letltxmacro 2010/09/02 v1.4 Let assignment for LaTeX macros (HO)
Package: hopatch 2011/06/24 v1.1 Wrapper for package hooks (HO)
Package: xcolor-patch 2011/01/30 xcolor patch
Package: atveryend 2011/06/30 v1.8 Hooks at the very end of document (HO)
Package atveryend Info: \enddocument detected (standard20110627).
Package: atbegshi 2011/10/05 v1.16 At begin shipout hook (HO)
Package: refcount 2011/10/16 v3.4 Data extraction from label references (HO)
Package: hycolor 2011/01/30 v1.7 Color options for hyperref/bookmark (HO)
)
("C:\Program Files (x86)\MiKTeX 2.9\tex\generic\ifxetex\ifxetex.sty"
Package: ifxetex 2010/09/12 v0.6 Provides ifxetex conditional
)
("C:\Program Files (x86)\MiKTeX 2.9\tex\latex\oberdiek\auxhook.sty"
Package: auxhook 2011/03/04 v1.3 Hooks for auxiliary files (HO)
)
("C:\Program Files (x86)\MiKTeX 2.9\tex\latex\oberdiek\kvoptions.sty"
Package: kvoptions 2011/06/30 v3.11 Key value format for package options (HO)
)
\@linkdim=\dimen130
\Hy@linkcounter=\count124
\Hy@pagecounter=\count125

("C:\Program Files (x86)\MiKTeX 2.9\tex\latex\hyperref\pd1enc.def"
File: pd1enc.def 2012/11/06 v6.83m Hyperref: PDFDocEncoding definition (HO)
Now handling font encoding PD1 ...
... no UTF-8 mapping file for font encoding PD1
)
\Hy@SavedSpaceFactor=\count126

("C:\Program Files (x86)\MiKTeX 2.9\tex\latex\00miktex\hyperref.cfg"
File: hyperref.cfg 2002/06/06 v1.2 hyperref configuration of TeXLive
)
Package hyperref Info: Hyper figures OFF on input line 4443.
Package hyperref Info: Link nesting OFF on input line 4448.
Package hyperref Info: Hyper index ON on input line 4451.
Package hyperref Info: Plain pages OFF on input line 4458.
Package hyperref Info: Backreferencing OFF on input line 4463.
Package hyperref Info: Implicit mode ON; LaTeX internals redefined.
Package hyperref Info: Bookmarks ON on input line 4688.
\c@Hy@tempcnt=\count127

("C:\Program Files (x86)\MiKTeX 2.9\tex\latex\ltxmisc\url.sty"
\Urlmuskip=\muskip11
Package: url 2006/04/12  ver 3.3  Verb mode for urls, etc.
)
LaTeX Info: Redefining \url on input line 5041.
\XeTeXLinkMargin=\dimen131
\Fld@menulength=\count128
\Field@Width=\dimen132
\Fld@charsize=\dimen133
Package hyperref Info: Hyper figures OFF on input line 6295.
Package hyperref Info: Link nesting OFF on input line 6300.
Package hyperref Info: Hyper index ON on input line 6303.
Package hyperref Info: backreferencing OFF on input line 6310.
Package hyperref Info: Link coloring OFF on input line 6315.
Package hyperref Info: Link coloring with OCG OFF on input line 6320.
Package hyperref Info: PDF/A mode OFF on input line 6325.
LaTeX Info: Redefining \ref on input line 6365.
LaTeX Info: Redefining \pageref on input line 6369.
\Hy@abspage=\count129
\c@Item=\count130
\c@Hfootnote=\count131
)

Package hyperref Message: Driver (autodetected): hpdftex.

("C:\Program Files (x86)\MiKTeX 2.9\tex\latex\hyperref\hpdftex.def"
File: hpdftex.def 2012/11/06 v6.83m Hyperref driver for pdfTeX
\Fld@listcount=\count132
\c@bookmark@seq@number=\count133

("C:\Program Files (x86)\MiKTeX 2.9\tex\latex\oberdiek\rerunfilecheck.sty"
Package: rerunfilecheck 2011/04/15 v1.7 Rerun checks for auxiliary files (HO)
Package uniquecounter Info: New unique counter `rerunfilecheck' on input line 2
82.
)
\Hy@SectionHShift=\skip140
)
(C:\wamp\www\tomkren.github.io\tex\thesis\thesis.aux)
LaTeX Font Info:    Checking defaults for OML/cmm/m/it on input line 154.
LaTeX Font Info:    ... okay on input line 154.
LaTeX Font Info:    Checking defaults for T1/cmr/m/n on input line 154.
LaTeX Font Info:    ... okay on input line 154.
LaTeX Font Info:    Checking defaults for OT1/cmr/m/n on input line 154.
LaTeX Font Info:    ... okay on input line 154.
LaTeX Font Info:    Checking defaults for OMS/cmsy/m/n on input line 154.
LaTeX Font Info:    ... okay on input line 154.
LaTeX Font Info:    Checking defaults for OMX/cmex/m/n on input line 154.
LaTeX Font Info:    ... okay on input line 154.
LaTeX Font Info:    Checking defaults for U/cmr/m/n on input line 154.
LaTeX Font Info:    ... okay on input line 154.
LaTeX Font Info:    Checking defaults for PD1/pdf/m/n on input line 154.
LaTeX Font Info:    ... okay on input line 154.

(C:\Users\sekol\AppData\Roaming\MiKTeX\2.9\tex\context\base\supp-pdf.mkii
[Loading MPS to PDF converter (version 2006.09.02).]
\scratchcounter=\count134
\scratchdimen=\dimen134
\scratchbox=\box61
\nofMPsegments=\count135
\nofMParguments=\count136
\everyMPshowfont=\toks32
\MPscratchCnt=\count137
\MPscratchDim=\dimen135
\MPnumerator=\count138
\makeMPintoPDFobject=\count139
\everyMPtoPDFconversion=\toks33
)
\AtBeginShipoutBox=\box62
Package hyperref Info: Link coloring OFF on input line 154.
 ("C:\Program Files (x86)\MiKTeX 2.9\tex\latex\hyperref\nameref.sty"
Package: nameref 2012/10/27 v2.43 Cross-referencing by name of section

("C:\Program Files (x86)\MiKTeX 2.9\tex\generic\oberdiek\gettitlestring.sty"
Package: gettitlestring 2010/12/03 v1.4 Cleanup title references (HO)
)
\c@section@level=\count140
)
LaTeX Info: Redefining \ref on input line 154.
LaTeX Info: Redefining \pageref on input line 154.
LaTeX Info: Redefining \nameref on input line 154.

(C:\wamp\www\tomkren.github.io\tex\thesis\thesis.out)
(C:\wamp\www\tomkren.github.io\tex\thesis\thesis.out)
\@outlinefile=\write3

<logomff.png, id=275, 1367.1075pt x 1304.62407pt>
File: logomff.png Graphic file (type png)
 <use logomff.png>
Package pdftex.def Info: logomff.png used on input line 190.
(pdftex.def)             Requested size: 205.05728pt x 195.68517pt.


LaTeX Font Warning: Font shape `OT1/cmr/m/n' in size <13.08846> not available
(Font)              size <12> substituted on input line 209.

LaTeX Font Info:    Try loading font information for U+msa on input line 214.
("C:\Program Files (x86)\MiKTeX 2.9\tex\latex\amsfonts\umsa.fd"
File: umsa.fd 2013/01/14 v3.01 AMS symbols A
)
LaTeX Font Info:    Try loading font information for U+msb on input line 214.

("C:\Program Files (x86)\MiKTeX 2.9\tex\latex\amsfonts\umsb.fd"
File: umsb.fd 2013/01/14 v3.01 AMS symbols B
) [1

{C:/Users/sekol/AppData/Local/MiKTeX/2.9/pdftex/config/pdftex.map} <C:/wamp/www
/tomkren.github.io/tex/thesis/logomff.png>] [2] [3]
LaTeX Font Info:    Calculating math sizes for size <9.95863> on input line 324
.
 [4]
(C:\wamp\www\tomkren.github.io\tex\thesis\thesis.tocpdfTeX warning (ext4): dest
ination with the same identifier (name{page.1}) has been already used, duplicat
e ignored
<to be read again> 
                   \relax 
l.47 ...raction elimination}{46}{subsection.3.3.1}
                                                   [1

])
\tf@toc=\write4
pdfTeX warning (ext4): destination with the same identifier (name{page.2}) has 
been already used, duplicate ignored
<to be read again> 
                   \relax 
l.404 \chapter
              *{Introduction} [2]
Underfull \hbox (badness 10000) in paragraph at lines 424--438

 []


Underfull \hbox (badness 10000) in paragraph at lines 451--460

 []

LaTeX Font Info:    Try loading font information for OMS+cmr on input line 463.

("C:\Program Files (x86)\MiKTeX 2.9\tex\latex\base\omscmr.fd"
File: omscmr.fd 1999/05/25 v2.5h Standard LaTeX font definitions
)
LaTeX Font Info:    Font shape `OMS/cmr/m/n' in size <12> not available
(Font)              Font shape `OMS/cmsy/m/n' tried instead on input line 463.

Underfull \hbox (badness 10000) in paragraph at lines 491--503

 []

pdfTeX warning (ext4): destination with the same identifier (name{page.3}) has 
been already used, duplicate ignored
<to be read again> 
                   \relax 
l.503 
       [3

]pdfTeX warning (ext4): destination with the same identifier (name{page.4}) has
 been already used, duplicate ignored
<to be read again> 
                   \relax 
l.513 \chapter
              {Genetic Programming} [4]
Chapter 1.

Underfull \hbox (badness 10000) in paragraph at lines 534--541

 []


Underfull \hbox (badness 10000) in paragraph at lines 556--560

 []

[5

]
Underfull \hbox (badness 10000) in paragraph at lines 589--592

 []


Underfull \hbox (badness 10000) in paragraph at lines 613--614

 []


Underfull \hbox (badness 10000) in paragraph at lines 615--619

 []


Underfull \hbox (badness 10000) in paragraph at lines 625--627

 []

[6]
Underfull \hbox (badness 10000) in paragraph at lines 634--636

 []


Overfull \hbox (1.61882pt too wide) in paragraph at lines 648--654
[]\OT1/cmr/m/n/12 In or-der to per-form \OT1/cmr/m/it/12 ramped half-and-half \
OT1/cmr/m/n/12 method one of those two sub-methods
 []


Underfull \hbox (badness 10000) in paragraph at lines 648--654

 []


Underfull \hbox (badness 10000) in paragraph at lines 658--660

 []

[7]
Overfull \hbox (5.41504pt too wide) in paragraph at lines 715--717
[]\OT1/cmr/m/n/12 In GP the most com-mon crossover is \OT1/cmr/m/it/12 Sub-tree
 swap-ping crossover\OT1/cmr/m/n/12 . This crossover
 []


Underfull \hbox (badness 10000) in paragraph at lines 724--726

 []


Underfull \hbox (badness 10000) in paragraph at lines 730--736

 []


Underfull \hbox (badness 10000) in paragraph at lines 737--738

 []


Underfull \hbox (badness 10000) in paragraph at lines 739--747

 []

[8]
Underfull \hbox (badness 10000) in paragraph at lines 805--807

 []

[9]
Underfull \hbox (badness 10000) in paragraph at lines 889--891

 []

[10] [11]
Chapter 2.
\c@theorem=\count141
\c@proposition=\count142
\c@lemma=\count143
\c@conjecture=\count144
\c@case=\count145

Package hyperref Warning: Token not allowed in a PDF string (PDFDocEncoding):
(hyperref)                removing `math shift' on input line 972.


Package hyperref Warning: Token not allowed in a PDF string (PDFDocEncoding):
(hyperref)                removing `\lambda' on input line 972.


Package hyperref Warning: Token not allowed in a PDF string (PDFDocEncoding):
(hyperref)                removing `math shift' on input line 972.

LaTeX Font Info:    Try loading font information for OMS+cmtt on input line 100
6.
LaTeX Font Info:    No file OMScmtt.fd. on input line 1006.

LaTeX Font Warning: Font shape `OMS/cmtt/m/n' undefined
(Font)              using `OMS/cmsy/m/n' instead
(Font)              for symbol `textbraceleft' on input line 1006.


Underfull \hbox (badness 10000) in paragraph at lines 1001--1012

 []


Underfull \hbox (badness 10000) in paragraph at lines 1029--1037

 []

[12

]
Underfull \hbox (badness 10000) in paragraph at lines 1055--1060

 []


Underfull \hbox (badness 10000) in paragraph at lines 1117--1118

 []


Overfull \hbox (0.1127pt too wide) in paragraph at lines 1128--1130
[]\OT1/cmr/m/n/12 As will be shown in []3.3.1[] these com-bi-na-tors will help 
us in per-form-ing crossover
 []


Underfull \hbox (badness 10000) in paragraph at lines 1128--1130

 []

[13]

Package hyperref Warning: Token not allowed in a PDF string (PDFDocEncoding):
(hyperref)                removing `math shift' on input line 1146.


Package hyperref Warning: Token not allowed in a PDF string (PDFDocEncoding):
(hyperref)                removing `\beta' on input line 1146.


Package hyperref Warning: Token not allowed in a PDF string (PDFDocEncoding):
(hyperref)                removing `math shift' on input line 1146.


Underfull \hbox (badness 10000) in paragraph at lines 1148--1151

 []


Underfull \hbox (badness 10000) in paragraph at lines 1173--1176

 []


Package hyperref Warning: Token not allowed in a PDF string (PDFDocEncoding):
(hyperref)                removing `math shift' on input line 1203.


Package hyperref Warning: Token not allowed in a PDF string (PDFDocEncoding):
(hyperref)                removing `\eta' on input line 1203.


Package hyperref Warning: Token not allowed in a PDF string (PDFDocEncoding):
(hyperref)                removing `math shift' on input line 1203.

[14]

Package hyperref Warning: Token not allowed in a PDF string (PDFDocEncoding):
(hyperref)                removing `math shift' on input line 1220.


Package hyperref Warning: Token not allowed in a PDF string (PDFDocEncoding):
(hyperref)                removing `\eta' on input line 1220.


Package hyperref Warning: Token not allowed in a PDF string (PDFDocEncoding):
(hyperref)                removing `superscript' on input line 1220.


Package hyperref Warning: Token not allowed in a PDF string (PDFDocEncoding):
(hyperref)                removing `math shift' on input line 1220.


Package hyperref Warning: Token not allowed in a PDF string (PDFDocEncoding):
(hyperref)                removing `math shift' on input line 1231.


Package hyperref Warning: Token not allowed in a PDF string (PDFDocEncoding):
(hyperref)                removing `\beta' on input line 1231.


Package hyperref Warning: Token not allowed in a PDF string (PDFDocEncoding):
(hyperref)                removing `math shift' on input line 1231.


Underfull \hbox (badness 10000) in paragraph at lines 1236--1238

 []


Package hyperref Warning: Token not allowed in a PDF string (PDFDocEncoding):
(hyperref)                removing `math shift' on input line 1243.


Package hyperref Warning: Token not allowed in a PDF string (PDFDocEncoding):
(hyperref)                removing `\lambda' on input line 1243.


Package hyperref Warning: Token not allowed in a PDF string (PDFDocEncoding):
(hyperref)                removing `math shift' on input line 1243.


Underfull \hbox (badness 10000) in paragraph at lines 1271--1274

 []


Underfull \hbox (badness 10000) in paragraph at lines 1280--1281

 []


Underfull \hbox (badness 10000) in paragraph at lines 1282--1284

 []

[15]
Overfull \hbox (1.69786pt too wide) in paragraph at lines 1285--1291
[]\OT1/cmr/m/n/12 Following tree rep-re-sen-ta-tion is ex-ten-sion of \OT1/cmr/
m/it/12 S-expression trees \OT1/cmr/m/n/12 de-scribed in []1.1[],
 []

[16]
Underfull \hbox (badness 10000) in paragraph at lines 1350--1355

 []


Underfull \hbox (badness 10000) in paragraph at lines 1359--1361

 []


Underfull \hbox (badness 10000) in paragraph at lines 1362--1363

 []


Package hyperref Warning: Token not allowed in a PDF string (PDFDocEncoding):
(hyperref)                removing `math shift' on input line 1383.


Package hyperref Warning: Token not allowed in a PDF string (PDFDocEncoding):
(hyperref)                removing `\sigma' on input line 1383.


Package hyperref Warning: Token not allowed in a PDF string (PDFDocEncoding):
(hyperref)                removing `math shift' on input line 1383.


Underfull \hbox (badness 10000) in paragraph at lines 1386--1391

 []


Underfull \hbox (badness 10000) in paragraph at lines 1393--1396

 []

[17]
Underfull \hbox (badness 10000) in paragraph at lines 1465--1472

 []


Underfull \hbox (badness 10000) in paragraph at lines 1478--1481

 []


Package hyperref Warning: Token not allowed in a PDF string (PDFDocEncoding):
(hyperref)                removing `math shift' on input line 1487.


Package hyperref Warning: Token not allowed in a PDF string (PDFDocEncoding):
(hyperref)                removing `\lambda' on input line 1487.


Package hyperref Warning: Token not allowed in a PDF string (PDFDocEncoding):
(hyperref)                removing `math shift' on input line 1487.

[18]
Underfull \hbox (badness 10000) in paragraph at lines 1553--1555

 []

[19]
Underfull \hbox (badness 10000) in paragraph at lines 1634--1641

 []


Package hyperref Warning: Token not allowed in a PDF string (PDFDocEncoding):
(hyperref)                removing `math shift' on input line 1693.


Package hyperref Warning: Token not allowed in a PDF string (PDFDocEncoding):
(hyperref)                removing `\lambda' on input line 1693.


Package hyperref Warning: Token not allowed in a PDF string (PDFDocEncoding):
(hyperref)                removing `math shift' on input line 1693.


Overfull \hbox (4.24768pt too wide) in paragraph at lines 1700--1711
\OT1/cmr/m/n/12 Simply typed $\OML/cmm/m/it/12 $\OT1/cmr/m/n/12 -calculus as d
e-scribed above is for-mal-ly called the \OT1/cmr/m/it/12 sys-tem $\OML/cmm/m/i
t/12 []$\OT1/cmr/m/it/12 -Curry\OT1/cmr/m/n/12 .
 []


Underfull \hbox (badness 10000) in paragraph at lines 1700--1711

 []


Underfull \hbox (badness 10000) in paragraph at lines 1723--1726

 []

[20]
Underfull \hbox (badness 10000) in paragraph at lines 1776--1779

 []


Underfull \hbox (badness 10000) in paragraph at lines 1780--1785

 []


Underfull \hbox (badness 10000) in paragraph at lines 1786--1788

 []


Underfull \hbox (badness 10000) in paragraph at lines 1795--1798

 []


Underfull \hbox (badness 10000) in paragraph at lines 1813--1814

 []

[21]
Underfull \hbox (badness 10000) in paragraph at lines 1833--1834

 []


Underfull \hbox (badness 10000) in paragraph at lines 1854--1855

 []


Overfull \hbox (5.89113pt too wide) in paragraph at lines 1903--1903
[] 
 []


Underfull \hbox (badness 10000) in paragraph at lines 1903--1904

 []

[22]

Package hyperref Warning: Token not allowed in a PDF string (PDFDocEncoding):
(hyperref)                removing `math shift' on input line 1982.


Package hyperref Warning: Token not allowed in a PDF string (PDFDocEncoding):
(hyperref)                removing `\lambda' on input line 1982.


Package hyperref Warning: Token not allowed in a PDF string (PDFDocEncoding):
(hyperref)                removing `math shift' on input line 1982.


Underfull \hbox (badness 10000) in paragraph at lines 2018--2021

 []


Underfull \hbox (badness 10000) in paragraph at lines 2050--2051

 []


Underfull \hbox (badness 10000) in paragraph at lines 2054--2055

 []

[23]
Underfull \hbox (badness 10000) in paragraph at lines 2059--2061

 []


Underfull \hbox (badness 10000) in paragraph at lines 2067--2069

 []


Underfull \hbox (badness 10000) in paragraph at lines 2075--2076

 []


Underfull \hbox (badness 10000) in paragraph at lines 2080--2081

 []


Underfull \hbox (badness 10000) in paragraph at lines 2082--2083

 []


Overfull \hbox (22.73766pt too wide) in paragraph at lines 2084--2131
[]$[]$ 
 []


Underfull \hbox (badness 10000) in paragraph at lines 2132--2133

 []


Underfull \hbox (badness 10000) in paragraph at lines 2132--2133

 []


Underfull \hbox (badness 10000) in paragraph at lines 2140--2141

 []


Underfull \hbox (badness 10000) in paragraph at lines 2147--2148

 []


Underfull \hbox (badness 10000) in paragraph at lines 2159--2160

 []

[24]
Underfull \hbox (badness 10000) in paragraph at lines 2164--2165

 []


Underfull \hbox (badness 10000) in paragraph at lines 2176--2177

 []


Underfull \hbox (badness 10000) in paragraph at lines 2182--2184

 []


Underfull \hbox (badness 10000) in paragraph at lines 2197--2199

 []


Package hyperref Warning: Token not allowed in a PDF string (PDFDocEncoding):
(hyperref)                removing `math shift' on input line 2202.


Package hyperref Warning: Token not allowed in a PDF string (PDFDocEncoding):
(hyperref)                removing `\lambda' on input line 2202.


Package hyperref Warning: Token not allowed in a PDF string (PDFDocEncoding):
(hyperref)                removing `math shift' on input line 2202.


Underfull \hbox (badness 10000) in paragraph at lines 2210--2215

 []


Underfull \hbox (badness 10000) in paragraph at lines 2244--2247

 []

[25]
Underfull \hbox (badness 10000) in paragraph at lines 2277--2279

 []


Underfull \hbox (badness 10000) in paragraph at lines 2286--2287

 []


Underfull \hbox (badness 10000) in paragraph at lines 2315--2318

 []


Underfull \hbox (badness 10000) in paragraph at lines 2319--2321

 []

[26]
Underfull \hbox (badness 10000) in paragraph at lines 2324--2329

 []

[27]
Underfull \hbox (badness 10000) in paragraph at lines 2356--2357

 []


Underfull \hbox (badness 10000) in paragraph at lines 2363--2366

 []


Underfull \hbox (badness 10000) in paragraph at lines 2369--2370

 []


Underfull \hbox (badness 10000) in paragraph at lines 2371--2377

 []


Underfull \hbox (badness 10000) in paragraph at lines 2380--2385

 []


Underfull \hbox (badness 10000) in paragraph at lines 2389--2390

 []


Underfull \hbox (badness 10000) in paragraph at lines 2395--2396

 []

[28]
Underfull \hbox (badness 10000) in paragraph at lines 2427--2429

 []


Overfull \hbox (17.55559pt too wide) in paragraph at lines 2455--2460
[]\OT1/cmr/m/n/12 Second case is \OT1/cmr/bx/n/12 func-tion type\OT1/cmr/m/n/12
 , i.e., $\OML/cmm/m/it/12  \OT1/cmr/m/n/12 = \OML/cmm/m/it/12 [] \OMS/cmtt/m
/n/12 ! [] ! \OML/cmm/m/it/12 [] \OMS/cmtt/m/n/12 ! \OML/cmm/m/it/12 $ \OT1/c
mr/m/n/12 where $\OML/cmm/m/it/12 n [] \OMS/cmtt/m/n/12   []\OT1/cmr/m/n/12 1\
OML/cmm/m/it/12 ;  [] \OMS/cmtt/m/n/12 2  []\OML/cmm/m/it/12 A$\OT1/cmr/m/n/12
 . 
 []


Underfull \hbox (badness 10000) in paragraph at lines 2487--2488

 []

[29] [30]
Underfull \hbox (badness 10000) in paragraph at lines 2571--2572

 []


Underfull \hbox (badness 10000) in paragraph at lines 2573--2576

 []


Underfull \hbox (badness 10000) in paragraph at lines 2577--2581

 []

[31]
Underfull \hbox (badness 10000) in paragraph at lines 2598--2602

 []


Underfull \hbox (badness 10000) in paragraph at lines 2603--2604

 []


Underfull \hbox (badness 10000) in paragraph at lines 2612--2613

 []


Underfull \hbox (badness 10000) in paragraph at lines 2614--2615

 []


Underfull \hbox (badness 10000) in paragraph at lines 2620--2621

 []


Underfull \hbox (badness 10000) in paragraph at lines 2625--2626

 []


Underfull \hbox (badness 10000) in paragraph at lines 2639--2641

 []

[32]
Underfull \hbox (badness 10000) in paragraph at lines 2665--2671

 []


Underfull \hbox (badness 10000) in paragraph at lines 2673--2674

 []


Underfull \hbox (badness 10000) in paragraph at lines 2682--2683

 []


Underfull \hbox (badness 10000) in paragraph at lines 2684--2688

 []


Underfull \hbox (badness 10000) in paragraph at lines 2697--2698

 []


Underfull \hbox (badness 10000) in paragraph at lines 2700--2701

 []


Underfull \hbox (badness 10000) in paragraph at lines 2707--2709

 []


Underfull \hbox (badness 10000) in paragraph at lines 2710--2714

 []

[33]
Underfull \hbox (badness 10000) in paragraph at lines 2734--2737

 []

[34]
Chapter 3.

Underfull \hbox (badness 10000) in paragraph at lines 2825--2828

 []


Underfull \hbox (badness 10000) in paragraph at lines 2829--2832

 []


Overfull \hbox (13.30312pt too wide) in paragraph at lines 2846--2848
\OT1/cmr/m/n/12 We have two com-pet-ing vari-ants for rep-re-sent-ing in-di-vid
-u-als --- \OT1/cmr/m/it/12 @-tree \OT1/cmr/m/n/12 and []
 []


Underfull \hbox (badness 10000) in paragraph at lines 2849--2851

 []


Underfull \hbox (badness 10000) in paragraph at lines 2864--2869

 []

[35

]
Underfull \hbox (badness 10000) in paragraph at lines 2913--2914

 []


Underfull \hbox (badness 10000) in paragraph at lines 2920--2921

 []


Underfull \hbox (badness 10000) in paragraph at lines 2922--2930

 []


Underfull \hbox (badness 10000) in paragraph at lines 2970--2977

 []

[36]
Underfull \hbox (badness 10000) in paragraph at lines 3018--3021

 []


Underfull \hbox (badness 10000) in paragraph at lines 3028--3034

 []

[37]
Underfull \hbox (badness 10000) in paragraph at lines 3107--3113

 []


Underfull \hbox (badness 10000) in paragraph at lines 3114--3116

 []


Underfull \hbox (badness 10000) in paragraph at lines 3117--3118

 []

[38]
Underfull \hbox (badness 10000) in paragraph at lines 3127--3130

 []


Underfull \hbox (badness 10000) in paragraph at lines 3139--3142

 []


Underfull \hbox (badness 10000) in paragraph at lines 3143--3152

 []


Underfull \hbox (badness 10000) in paragraph at lines 3155--3156

 []


Underfull \hbox (badness 10000) in paragraph at lines 3167--3168

 []


Underfull \hbox (badness 10000) in paragraph at lines 3169--3175

 []

[39]
Underfull \hbox (badness 10000) in paragraph at lines 3188--3193

 []


Underfull \hbox (badness 10000) in paragraph at lines 3239--3242

 []

[40]
Underfull \hbox (badness 10000) in paragraph at lines 3255--3258

 []


Underfull \hbox (badness 10000) in paragraph at lines 3269--3272

 []

[41]
Underfull \hbox (badness 10000) in paragraph at lines 3358--3359

 []


Underfull \hbox (badness 10000) in paragraph at lines 3361--3365

 []


Underfull \hbox (badness 10000) in paragraph at lines 3370--3372

 []


Underfull \hbox (badness 10000) in paragraph at lines 3402--3406

 []

[42]
Underfull \hbox (badness 10000) in paragraph at lines 3410--3412

 []


Underfull \hbox (badness 10000) in paragraph at lines 3437--3438

 []


Underfull \hbox (badness 10000) in paragraph at lines 3445--3451

 []

[43]
Underfull \hbox (badness 10000) in paragraph at lines 3510--3515

 []


Underfull \hbox (badness 10000) in paragraph at lines 3523--3524

 []


Underfull \hbox (badness 10000) in paragraph at lines 3525--3527

 []


Underfull \hbox (badness 10000) in paragraph at lines 3528--3531

 []


Underfull \hbox (badness 10000) in paragraph at lines 3536--3538

 []


Underfull \hbox (badness 10000) in paragraph at lines 3544--3545

 []

[44]
Underfull \hbox (badness 10000) in paragraph at lines 3579--3585

 []


LaTeX Warning: Command \AE invalid in math mode on input line 3595.


LaTeX Warning: Command \AE invalid in math mode on input line 3610.


LaTeX Warning: Command \AE invalid in math mode on input line 3610.


LaTeX Warning: Command \AE invalid in math mode on input line 3610.


LaTeX Warning: Command \AE invalid in math mode on input line 3610.


LaTeX Warning: Command \AE invalid in math mode on input line 3610.


LaTeX Warning: Command \AE invalid in math mode on input line 3610.


LaTeX Warning: Command \AE invalid in math mode on input line 3610.


LaTeX Warning: Command \AE invalid in math mode on input line 3610.


LaTeX Warning: Command \AE invalid in math mode on input line 3610.


LaTeX Warning: Command \AE invalid in math mode on input line 3610.


LaTeX Warning: Command \AE invalid in math mode on input line 3610.


LaTeX Warning: Command \AE invalid in math mode on input line 3610.


LaTeX Warning: Command \AE invalid in math mode on input line 3610.


LaTeX Warning: Command \AE invalid in math mode on input line 3610.


LaTeX Warning: Command \AE invalid in math mode on input line 3610.


LaTeX Warning: Command \AE invalid in math mode on input line 3610.


LaTeX Warning: Command \AE invalid in math mode on input line 3610.


LaTeX Warning: Command \AE invalid in math mode on input line 3610.


LaTeX Warning: Command \AE invalid in math mode on input line 3610.


LaTeX Warning: Command \AE invalid in math mode on input line 3610.


LaTeX Warning: Command \AE invalid in math mode on input line 3610.


LaTeX Warning: Command \AE invalid in math mode on input line 3610.


LaTeX Warning: Command \AE invalid in math mode on input line 3610.


LaTeX Warning: Command \AE invalid in math mode on input line 3610.


LaTeX Warning: Command \AE invalid in math mode on input line 3610.


LaTeX Warning: Command \AE invalid in math mode on input line 3610.


Underfull \hbox (badness 10000) in paragraph at lines 3618--3621

 []


Underfull \hbox (badness 10000) in paragraph at lines 3622--3623

 []

[45]

LaTeX Warning: Command \AE invalid in math mode on input line 3651.


LaTeX Warning: Command \AE invalid in math mode on input line 3651.


LaTeX Warning: Command \AE invalid in math mode on input line 3651.


LaTeX Warning: Command \AE invalid in math mode on input line 3651.


LaTeX Warning: Command \AE invalid in math mode on input line 3651.


LaTeX Warning: Command \AE invalid in math mode on input line 3651.


LaTeX Warning: Command \AE invalid in math mode on input line 3651.


LaTeX Warning: Command \AE invalid in math mode on input line 3651.


LaTeX Warning: Command \AE invalid in math mode on input line 3651.


LaTeX Warning: Command \AE invalid in math mode on input line 3651.


LaTeX Warning: Command \AE invalid in math mode on input line 3651.


LaTeX Warning: Command \AE invalid in math mode on input line 3651.


Underfull \hbox (badness 10000) in paragraph at lines 3651--3653

 []


Underfull \hbox (badness 10000) in paragraph at lines 3689--3690

 []


Underfull \hbox (badness 10000) in paragraph at lines 3691--3694

 []

[46]
Underfull \hbox (badness 10000) in paragraph at lines 3696--3701

 []


Underfull \hbox (badness 10000) in paragraph at lines 3704--3709

 []


Underfull \hbox (badness 10000) in paragraph at lines 3710--3712

 []


Underfull \hbox (badness 10000) in paragraph at lines 3713--3716

 []

[47]
Chapter 4.

Underfull \hbox (badness 10000) in paragraph at lines 3756--3760

 []


Underfull \hbox (badness 10000) in paragraph at lines 3761--3765

 []


Underfull \hbox (badness 10000) in paragraph at lines 3768--3772

 []


Underfull \hbox (badness 10000) in paragraph at lines 3781--3785

 []


Underfull \hbox (badness 10000) in paragraph at lines 3798--3806

 []


Underfull \hbox (badness 10000) in paragraph at lines 3807--3811

 []


Underfull \hbox (badness 10000) in paragraph at lines 3812--3816

 []

[48

]
Underfull \hbox (badness 10000) in paragraph at lines 3819--3831

 []


Overfull \hbox (15.5728pt too wide) in paragraph at lines 3837--3840
[]\OT1/cmtt/m/n/12 Gene \OT1/cmr/m/n/12 cor-re-spond to in-di-vid-u-al gen-er-a
t-ing method for struc-ture \OT1/cmtt/m/n/12 term \OT1/cmr/m/n/12 parametrized
 []


Underfull \hbox (badness 10000) in paragraph at lines 3844--3845

 []


Underfull \hbox (badness 10000) in paragraph at lines 3852--3858

 []


Underfull \hbox (badness 10000) in paragraph at lines 3867--3872

 []

[49]
Underfull \hbox (badness 10000) in paragraph at lines 3875--3878

 []


Underfull \hbox (badness 10000) in paragraph at lines 3894--3895

 []

<skryn.png, id=724, 979.40906pt x 646.66594pt>
File: skryn.png Graphic file (type png)
 <use skryn.png>
Package pdftex.def Info: skryn.png used on input line 3896.
(pdftex.def)             Requested size: 391.75668pt x 258.66179pt.
 [50 <C:/wamp/www/tomkren.github.io/tex/thesis/skryn.png>]
Chapter 5.

Underfull \hbox (badness 10000) in paragraph at lines 3937--3938

 []


Underfull \hbox (badness 10000) in paragraph at lines 3939--3941

 []

[51

]
Underfull \hbox (badness 10000) in paragraph at lines 3945--3948

 []


Underfull \hbox (badness 10000) in paragraph at lines 3956--3959

 []


Underfull \hbox (badness 10000) in paragraph at lines 3988--3989

 []


Underfull \hbox (badness 10000) in paragraph at lines 3990--3994

 []


Underfull \hbox (badness 10000) in paragraph at lines 4001--4005

 []

[52]
Underfull \hbox (badness 10000) in paragraph at lines 4014--4018

 []

<reports/SSR/p.png, id=743, 825.83531pt x 606.76688pt>
File: reports/SSR/p.png Graphic file (type png)
 <use reports/SSR/p.png>
Package pdftex.def Info: reports/SSR/p.png used on input line 4024.
(pdftex.def)             Requested size: 371.62245pt x 273.04257pt.

<reports/SSR/i.png, id=744, 802.49812pt x 585.68813pt>
File: reports/SSR/i.png Graphic file (type png)
 <use reports/SSR/i.png>
Package pdftex.def Info: reports/SSR/i.png used on input line 4026.
(pdftex.def)             Requested size: 361.12082pt x 263.55722pt.

[53 <C:/wamp/www/tomkren.github.io/tex/thesis/reports/SSR/p.png> <C:/wamp/www/t
omkren.github.io/tex/thesis/reports/SSR/i.png>]
<santafe.png, id=750, 394.47375pt x 408.02437pt>
File: santafe.png Graphic file (type png)
 <use santafe.png>
Package pdftex.def Info: santafe.png used on input line 4045.
(pdftex.def)             Requested size: 394.47278pt x 408.02338pt.
 [54 <C:/wamp/www/tomkren.github.io/tex/thesis/santafe.png>]
Underfull \hbox (badness 10000) in paragraph at lines 4078--4079

 []


Underfull \hbox (badness 10000) in paragraph at lines 4087--4089

 []


Underfull \hbox (badness 10000) in paragraph at lines 4094--4095

 []


Underfull \hbox (badness 10000) in paragraph at lines 4106--4108

 []


Underfull \hbox (badness 10000) in paragraph at lines 4117--4121

 []

[55]
Underfull \hbox (badness 10000) in paragraph at lines 4138--4142

 []

<reports/Ant/p.png, id=762, 823.57687pt x 519.44063pt>
File: reports/Ant/p.png Graphic file (type png)
 <use reports/Ant/p.png>
Package pdftex.def Info: reports/Ant/p.png used on input line 4143.
(pdftex.def)             Requested size: 370.60617pt x 233.74612pt.

<reports/Ant/i.png, id=763, 807.7678pt x 591.71063pt>
File: reports/Ant/i.png Graphic file (type png)
 <use reports/Ant/i.png>
Package pdftex.def Info: reports/Ant/i.png used on input line 4145.
(pdftex.def)             Requested size: 363.49214pt x 266.26732pt.

[56 <C:/wamp/www/tomkren.github.io/tex/thesis/reports/Ant/p.png> <C:/wamp/www/t
omkren.github.io/tex/thesis/reports/Ant/i.png>]
Underfull \hbox (badness 10000) in paragraph at lines 4174--4177

 []


Underfull \hbox (badness 10000) in paragraph at lines 4181--4182

 []

<reports/Ant/ts.png, id=768, 760.34062pt x 601.4972pt>
File: reports/Ant/ts.png Graphic file (type png)

<use reports/Ant/ts.png>
Package pdftex.def Info: reports/Ant/ts.png used on input line 4183.
(pdftex.def)             Requested size: 342.15012pt x 270.67123pt.
 [57 <C:/wamp/www/tomkren.github.io/tex/thesis/reports/Ant/ts.png>]
Underfull \hbox (badness 10000) in paragraph at lines 4214--4215

 []


Overfull \hbox (5.57378pt too wide) in paragraph at lines 4217--4222
[] []\OT1/cmtt/m/n/12 p2 (ifa (p2 l r) (ifa (ifa (p2 m m) (p2 m l)) (p2 (ifa l 
r) (p2
 []


Overfull \hbox (17.92378pt too wide) in paragraph at lines 4217--4222
\OT1/cmtt/m/n/12 m r)))) (ifa (i fa (p3 m (ifa m m) l) (p2 r r)) (ifa (ifa (p3 
(p2
 []


Overfull \hbox (5.57378pt too wide) in paragraph at lines 4217--4222
\OT1/cmtt/m/n/12 m l) (ifa (p3 (p2 m (ifa l m)) (p3 (ifa r (p2 (ifa (p2 m r) (p
3
 []


Overfull \hbox (30.27379pt too wide) in paragraph at lines 4217--4222
\OT1/cmtt/m/n/12 l r m)) (p2 m r))) m l) (p2 m l)) (ifa (p3 r l l) (p3 m m r)))
 (ifa
 []


Overfull \hbox (24.09879pt too wide) in paragraph at lines 4217--4222
\OT1/cmtt/m/n/12 (p3 l l r) (p2 (ifa l r) (p2 m r)))) (p2 l r)) (ifa (p3 m l l)
 (p2
 []


Overfull \hbox (11.74878pt too wide) in paragraph at lines 4222--4233
[] []\OT1/cmtt/m/n/12 p3 (ifa (p3 (p3 m m r) (p3 (ifa (p3 (p3 m m r) (p3 r l l)
 (ifa m
 []


Overfull \hbox (24.09879pt too wide) in paragraph at lines 4222--4233
\OT1/cmtt/m/n/12 l)) (ifa (p3 l r (ifa (ifa m m) (p3 r l (p2 (ifa m l) (ifa (p3
 (p2
 []


Overfull \hbox (24.09879pt too wide) in paragraph at lines 4222--4233
\OT1/cmtt/m/n/12 l (p3 (ifa m m) (p2 l m) (p2 l r))) (p2 (ifa (ifa m r) (p3 r m
 l))
 []


Overfull \hbox (11.74878pt too wide) in paragraph at lines 4222--4233
\OT1/cmtt/m/n/12 (p3 (ifa l l) (p3 l r l) (p2 l l))) (p2 (ifa (ifa m l) (p2 l r
))
 []


Overfull \hbox (11.74878pt too wide) in paragraph at lines 4222--4233
\OT1/cmtt/m/n/12 (p2 (p2 l m) (p3 l r m)))) (ifa (ifa (p3 (p3 r m m) (p3 (p2 l 
m)
 []


Overfull \hbox (17.92378pt too wide) in paragraph at lines 4222--4233
\OT1/cmtt/m/n/12 (p2 l m) (ifa m m)) (ifa l m)) (ifa (p3 l r m) (ifa (ifa r r) 
(p2
 []


Overfull \hbox (5.57378pt too wide) in paragraph at lines 4222--4233
\OT1/cmtt/m/n/12 m l) ))) l)))))) (ifa l l))) m (p2 (p2 (ifa l l) (ifa m r)) r)
)
 []


Overfull \hbox (17.92378pt too wide) in paragraph at lines 4222--4233
\OT1/cmtt/m/n/12 (ifa m l)) (ifa (p3 l r (ifa (ifa m m) (p3 r l (p2 (ifa m l) (
ifa
 []


Overfull \hbox (24.09879pt too wide) in paragraph at lines 4222--4233
\OT1/cmtt/m/n/12 (p3 (p2 l (p3 (ifa m m) (p2 l m) (p2 l r))) (p2 (ifa (ifa m r)
 (p3
 []


Overfull \hbox (11.74878pt too wide) in paragraph at lines 4222--4233
\OT1/cmtt/m/n/12 r m l)) (p3 (ifa l l) (p3 l r l) (p2 l l))) (p2 (ifa r (p2 l r
))
 []


Overfull \hbox (5.57378pt too wide) in paragraph at lines 4222--4233
\OT1/cmtt/m/n/12 (p2 (p2 l m) (p3 l r m)))) (ifa (ifa (p3 (p3 r m m) (p3 (p2 l 
m
 []


Overfull \hbox (24.09879pt too wide) in paragraph at lines 4222--4233
\OT1/cmtt/m/n/12 ) (p2 l m) (p2 l r)) (ifa l m)) (ifa (p3 l r m) (ifa (ifa r r)
 (p2
 []


Overfull \hbox (11.74878pt too wide) in paragraph at lines 4233--4243
[] []\OT1/cmtt/m/n/12 p2 (ifa (p3 m m m) (p2 r m)) (p3 (ifa l r) (ifa (ifa l (p
3 (p3 r
 []


Overfull \hbox (24.09879pt too wide) in paragraph at lines 4233--4243
\OT1/cmtt/m/n/12 r l) (ifa l m) (ifa m (ifa (p2 (p3 (p3 (p3 (ifa m l) (p2 r r) 
(ifa
 []


Overfull \hbox (11.74878pt too wide) in paragraph at lines 4233--4243
\OT1/cmtt/m/n/12 m m)) (p3 (p3 r r r) (ifa r r) (p2 m l)) (p3 (p2 m m) (p3 r m 
r)
 []


Overfull \hbox (11.74878pt too wide) in paragraph at lines 4233--4243
\OT1/cmtt/m/n/12 (ifa m r))) (p2 (p2 (p3 r l m) (p2 m m)) ( p3 (ifa r l) (p2 m 
l)
 []


Overfull \hbox (5.57378pt too wide) in paragraph at lines 4233--4243
\OT1/cmtt/m/n/12 (p2 r m))) (p3 (ifa (ifa r l) (p3 m m r)) (p3 (ifa r m) (p3 l 
l
 []


Overfull \hbox (17.92378pt too wide) in paragraph at lines 4233--4243
\OT1/cmtt/m/n/12 r) (p2 r r)) l)) (p2 (p2 (p2 (p2 r r) (p2 r l)) (p3 (ifa r r) 
(p2
 []


Overfull \hbox (11.74878pt too wide) in paragraph at lines 4233--4243
\OT1/cmtt/m/n/12 l l) (p2 m l))) (p3 m r l))) (p2 (ifa (ifa (p3 (ifa m r) (p2 (
p3
 []


Overfull \hbox (5.57378pt too wide) in paragraph at lines 4233--4243
\OT1/cmtt/m/n/12 (p3 r r l) (ifa l m) (p3 m l r)) (p2 m r)) (p3 l l l)) (ifa (p
3
 []


Overfull \hbox (5.57378pt too wide) in paragraph at lines 4233--4243
\OT1/cmtt/m/n/12 l l m) (ifa l r))) (ifa (ifa (ifa m r) (ifa l l)) (p2 (ifa l m
)
 []


Overfull \hbox (5.57378pt too wide) in paragraph at lines 4233--4243
\OT1/cmtt/m/n/12 (p2 l m)))) (p3 (ifa (p2 (p2 r m) (p3 m l m)) (ifa (p2 r l) (p
3
 []


Overfull \hbox (24.09879pt too wide) in paragraph at lines 4233--4243
\OT1/cmtt/m/n/12 r m r))) (p2 (p2 (p2 r r) (ifa l r)) (p3 (p3 m m m) (ifa m r) 
(ifa
 []


Overfull \hbox (5.57378pt too wide) in paragraph at lines 4244--4245
[] []\OT1/cmtt/m/n/12 p2 (p2 m r) (ifa m (p2 (p2 r r) (ifa (ifa (ifa m r) (p3 m
 m l))
 []


Overfull \hbox (24.09879pt too wide) in paragraph at lines 4246--4248
[] []\OT1/cmtt/m/n/12 p2 (ifa (p2 (ifa r m) (p2 (p2 (p2 l m) (p3 m m r)) (ifa l
 l))) (p3
 []

[58]
Underfull \hbox (badness 10000) in paragraph at lines 4252--4254

 []


Overfull \hbox (24.09879pt too wide) in paragraph at lines 4256--4258
[] []\OT1/cmtt/m/n/12 ifa m (p3 r (ifa (ifa m (ifa m (p3 r (ifa m r) m))) (ifa 
m (p2 (p2
 []


Overfull \hbox (5.57378pt too wide) in paragraph at lines 4258--4260
[] []\OT1/cmtt/m/n/12 p3 (ifa m l) (p3 m l (ifa (p2 m (ifa l (p2 (p2 (p2 m (ifa
 m m))
 []


Overfull \hbox (5.57378pt too wide) in paragraph at lines 4260--4262
[] []\OT1/cmtt/m/n/12 ifa l (ifa (p3 (p2 (p2 r (ifa r m)) (p3 l (ifa m (ifa m l
)) r))
 []


Overfull \hbox (5.57378pt too wide) in paragraph at lines 4263--4265
[] []\OT1/cmtt/m/n/12 p3 (ifa m (ifa (ifa m m) (ifa m r))) m (p3 r (ifa (p3 (if
a m r)
 []


Overfull \hbox (11.74878pt too wide) in paragraph at lines 4265--4266
[] []\OT1/cmtt/m/n/12 p3 (ifa m l) (p2 m l) (ifa (p3 (ifa m (ifa m l)) m r) (p2
 (ifa m
 []


Overfull \hbox (11.74878pt too wide) in paragraph at lines 4266--4267
[] []\OT1/cmtt/m/n/12 p3 (p3 r (ifa (p2 (ifa m (ifa (ifa m r) m)) m) l) m) l (i
fa m r) 
 []


Overfull \hbox (17.92378pt too wide) in paragraph at lines 4267--4268
[] []\OT1/cmtt/m/n/12 ifa (p3 m (ifa (ifa r m) r) l) (p3 (p3 l (ifa m r) r) (if
a m (ifa
 []


Overfull \hbox (11.74878pt too wide) in paragraph at lines 4269--4273
[] []\OT1/cmtt/m/n/12 p2 (ifa (ifa m (p3 l (p2 (p2 (ifa (ifa m l) l) m) (ifa m 
r)) (p2
 []


Overfull \hbox (30.27379pt too wide) in paragraph at lines 4269--4273
\OT1/cmtt/m/n/12 (ifa (ifa (ifa (ifa (p3 r l m) r) l) l) (p3 l (ifa m r) (ifa m
 r)))
 []


Overfull \hbox (30.27379pt too wide) in paragraph at lines 4269--4273
\OT1/cmtt/m/n/12 m))) r) (p2 (p3 r (ifa (if a (p2 (ifa m (ifa (ifa (ifa (p3 m r
 (ifa
 []


Overfull \hbox (5.57378pt too wide) in paragraph at lines 4269--4273
\OT1/cmtt/m/n/12 l l)) l) l) l)) m) (p3 l (p2 (ifa m (p2 l m)) (ifa m r)) m)) l
)
 []


Overfull \hbox (11.74878pt too wide) in paragraph at lines 4273--4275
[] []\OT1/cmtt/m/n/12 ifa (ifa m (ifa m r)) (ifa (ifa (ifa m l) r) (p3 (p3 l (i
fa m r)
 []


Overfull \hbox (30.27379pt too wide) in paragraph at lines 4275--4276
[] []\OT1/cmtt/m/n/12 ifa (p2 m r) (ifa (p2 (ifa (p2 l m) r) m) (p3 l m (ifa r 
(p3 l (ifa
 []


Overfull \hbox (24.09879pt too wide) in paragraph at lines 4276--4278
[] []\OT1/cmtt/m/n/12 p3 (p3 l (ifa m r) r) (ifa (p3 m m (p2 r (ifa (p3 r (ifa 
m l) (ifa
 []


Overfull \hbox (5.57378pt too wide) in paragraph at lines 4278--4280
[] []\OT1/cmtt/m/n/12 p3 r (ifa m (p3 l l (ifa (ifa m m) r))) m,89.0,Just 4) (i
fa (p3
 []


Overfull \hbox (24.09879pt too wide) in paragraph at lines 4278--4280
\OT1/cmtt/m/n/12 (ifa m l) r (ifa m l)) (ifa m (p3 (p3 l (ifa m r) m) r (ifa m 
l))) 
 []


Overfull \hbox (5.57378pt too wide) in paragraph at lines 4280--4282
[] []\OT1/cmtt/m/n/12 ifa m (p3 (ifa l (p3 r (ifa (ifa l l) (ifa (ifa r r) r)) 
(ifa r
 []


Overfull \hbox (24.09879pt too wide) in paragraph at lines 4282--4284
[] []\OT1/cmtt/m/n/12 p3 (ifa (ifa (ifa m l) l) l) (p3 m (ifa (ifa (ifa (p2 m l
) l) (ifa
 []


Overfull \hbox (24.09879pt too wide) in paragraph at lines 4284--4286
[] []\OT1/cmtt/m/n/12 ifa (ifa (ifa m r) r) (p3 r (ifa (ifa m (p3 (ifa m (ifa m
 r)) (ifa
 []


Overfull \hbox (30.27379pt too wide) in paragraph at lines 4284--4286
\OT1/cmtt/m/n/12 (ifa r l) r) (ifa m l))) (ifa l (p3 (ifa m l) (ifa m l) (ifa m
 (ifa
 []

[59]
Underfull \hbox (badness 10000) in paragraph at lines 4291--4293

 []

<reports/SSR/ts.png, id=787, 807.015pt x 603.0028pt>
File: reports/SSR/ts.png Graphic file (type png)
 <use reports/SSR/ts.png>
Package pdftex.def Info: reports/SSR/ts.png used on input line 4294.
(pdftex.def)             Requested size: 403.50652pt x 301.50066pt.

Overfull \hbox (8.56638pt too wide) in paragraph at lines 4294--4295
[][] 
 []

[60 <C:/wamp/www/tomkren.github.io/tex/thesis/reports/SSR/ts.png>]
Underfull \hbox (badness 10000) in paragraph at lines 4347--4348

 []


Underfull \hbox (badness 10000) in paragraph at lines 4358--4359

 []

[61]
Underfull \hbox (badness 10000) in paragraph at lines 4371--4377

 []


Underfull \hbox (badness 10000) in paragraph at lines 4390--4394

 []


Underfull \hbox (badness 10000) in paragraph at lines 4409--4410

 []

[62]
Underfull \hbox (badness 10000) in paragraph at lines 4442--4443

 []


Underfull \hbox (badness 10000) in paragraph at lines 4447--4453

 []


Underfull \hbox (badness 10000) in paragraph at lines 4458--4463

 []


Underfull \hbox (badness 10000) in paragraph at lines 4483--4488

 []

<reports/ep/p.png, id=807, 691.83469pt x 644.4075pt>
File: reports/ep/p.png Graphic file (type png)
 <use reports/ep/p.png>
Package pdftex.def Info: reports/ep/p.png used on input line 4491.
(pdftex.def)             Requested size: 345.91649pt x 322.20296pt.

[63] <reports/ep/i.png, id=813, 758.08218pt x 654.94687pt>
File: reports/ep/i.png Graphic file (type png)

<use reports/ep/i.png>
Package pdftex.def Info: reports/ep/i.png used on input line 4493.
(pdftex.def)             Requested size: 379.04016pt x 327.47264pt.
 [64 <C:/wamp/www/tomkren.github.io/tex/thesis/reports/ep/p.png> <C:/wamp/www/t
omkren.github.io/tex/thesis/reports/ep/i.png>] [65]
Underfull \hbox (badness 10000) in paragraph at lines 4550--4552

 []


Underfull \hbox (badness 10000) in paragraph at lines 4577--4582

 []


Underfull \hbox (badness 10000) in paragraph at lines 4600--4605

 []

[66] [67] [68]
Underfull \hbox (badness 10000) in paragraph at lines 4713--4715

 []


Underfull \hbox (badness 10000) in paragraph at lines 4716--4719

 []


Underfull \hbox (badness 10000) in paragraph at lines 4721--4723

 []


Underfull \hbox (badness 10000) in paragraph at lines 4724--4725

 []

<fly/1.png, id=837, 484.05844pt x 486.31688pt>
File: fly/1.png Graphic file (type png)
 <use fly/1.png>
Package pdftex.def Info: fly/1.png used on input line 4726.
(pdftex.def)             Requested size: 387.24727pt x 389.05403pt.
 [69 <C:/wamp/www/tomkren.github.io/tex/thesis/fly/1.png>]
Underfull \hbox (badness 10000) in paragraph at lines 4737--4738

 []

<fly/2.png, id=843, 484.05844pt x 486.31688pt>
File: fly/2.png Graphic file (type png)
 <use fly/2.png>
Package pdftex.def Info: fly/2.png used on input line 4739.
(pdftex.def)             Requested size: 193.61993pt x 194.5233pt.

<fly/3.png, id=844, 484.05844pt x 486.31688pt>
File: fly/3.png Graphic file (type png)
 <use fly/3.png>
Package pdftex.def Info: fly/3.png used on input line 4740.
(pdftex.def)             Requested size: 193.61993pt x 194.5233pt.

Underfull \hbox (badness 10000) in paragraph at lines 4739--4741

 []


Underfull \hbox (badness 10000) in paragraph at lines 4748--4752

 []

<fly/4.png, id=845, 1275.26437pt x 465.23813pt>
File: fly/4.png Graphic file (type png)
 <use fly/4.png>
Package pdftex.def Info: fly/4.png used on input line 4759.
(pdftex.def)             Requested size: 420.83855pt x 153.52905pt.

Overfull \hbox (8.27359pt too wide) in paragraph at lines 4758--4760
[] 
 []

[70 <C:/wamp/www/tomkren.github.io/tex/thesis/fly/2.png> <C:/wamp/www/tomkren.g
ithub.io/tex/thesis/fly/3.png> <C:/wamp/www/tomkren.github.io/tex/thesis/fly/4.
png>]
Underfull \hbox (badness 10000) in paragraph at lines 4769--4770

 []

<fly/5.png, id=850, 1191.7022pt x 1157.07281pt>
File: fly/5.png Graphic file (type png)
 <use fly/5.png>
Package pdftex.def Info: fly/5.png used on input line 4771.
(pdftex.def)             Requested size: 417.10202pt x 404.98155pt.

Overfull \hbox (22.16188pt too wide) in paragraph at lines 4771--4772
[][] 
 []

[71 <C:/wamp/www/tomkren.github.io/tex/thesis/fly/5.png>]
Chapter 6.

Underfull \hbox (badness 10000) in paragraph at lines 4801--4803

 []


Underfull \hbox (badness 10000) in paragraph at lines 4825--4828

 []

[72

]
Overfull \hbox (4.1948pt too wide) in paragraph at lines 4873--4873
[]\OT1/cmr/bx/n/17.28 Functional Ge-net-ic Pro-gram-ming with Com-
 []

[73] [74]
Chapter 7.
[75

] [76]
Underfull \hbox (badness 10000) in paragraph at lines 5099--5106

 []


Underfull \hbox (badness 10000) in paragraph at lines 5138--5142

 []

[77

] [78] [79

]
Appendix A.
Package atveryend Info: Empty hook `BeforeClearDocument' on input line 5444.
[80

]
Package atveryend Info: Empty hook `AfterLastShipout' on input line 5444.
 (C:\wamp\www\tomkren.github.io\tex\thesis\thesis.aux)
Package atveryend Info: Executing hook `AtVeryEndDocument' on input line 5444.
Package atveryend Info: Executing hook `AtEndAfterFileList' on input line 5444.

Package rerunfilecheck Info: File `thesis.out' has not changed.
(rerunfilecheck)             Checksum: 2F636B405207C0C83F95F22E9A894931;4713.


LaTeX Font Warning: Size substitutions with differences
(Font)              up to 1.08846pt have occurred.


LaTeX Font Warning: Some font shapes were not available, defaults substituted.


LaTeX Warning: Label(s) may have changed. Rerun to get cross-references right.

Package atveryend Info: Empty hook `AtVeryVeryEnd' on input line 5444.
 ) 
Here is how much of TeX's memory you used:
 8937 strings out of 493921
 122883 string characters out of 3144876
 248920 words of memory out of 3000000
 11844 multiletter control sequences out of 15000+200000
 23161 words of font info for 87 fonts, out of 3000000 for 9000
 841 hyphenation exceptions out of 8191
 29i,24n,54p,356b,464s stack positions out of 5000i,500n,10000p,200000b,50000s
<C:/Program Files (x86)/MiKTeX 2.9/fonts/type1/public/amsfonts/cm/cmbx12.pfb>
<C:/Program Files (x86)/MiKTeX 2.9/fonts/type1/public/amsfonts/cm/cmbx8.pfb><C:
/Program Files (x86)/MiKTeX 2.9/fonts/type1/public/amsfonts/cm/cmbxti10.pfb><C:
/Program Files (x86)/MiKTeX 2.9/fonts/type1/public/amsfonts/cm/cmex10.pfb><C:/P
rogram Files (x86)/MiKTeX 2.9/fonts/type1/public/amsfonts/cm/cmmi10.pfb><C:/Pro
gram Files (x86)/MiKTeX 2.9/fonts/type1/public/amsfonts/cm/cmmi12.pfb><C:/Progr
am Files (x86)/MiKTeX 2.9/fonts/type1/public/amsfonts/cm/cmmi6.pfb><C:/Program 
Files (x86)/MiKTeX 2.9/fonts/type1/public/amsfonts/cm/cmmi7.pfb><C:/Program Fil
es (x86)/MiKTeX 2.9/fonts/type1/public/amsfonts/cm/cmmi8.pfb><C:/Program Files 
(x86)/MiKTeX 2.9/fonts/type1/public/amsfonts/cm/cmmib10.pfb><C:/Program Files (
x86)/MiKTeX 2.9/fonts/type1/public/amsfonts/cm/cmr10.pfb><C:/Program Files (x86
)/MiKTeX 2.9/fonts/type1/public/amsfonts/cm/cmr12.pfb><C:/Program Files (x86)/M
iKTeX 2.9/fonts/type1/public/amsfonts/cm/cmr17.pfb><C:/Program Files (x86)/MiKT
eX 2.9/fonts/type1/public/amsfonts/cm/cmr6.pfb><C:/Program Files (x86)/MiKTeX 2
.9/fonts/type1/public/amsfonts/cm/cmr7.pfb><C:/Program Files (x86)/MiKTeX 2.9/f
onts/type1/public/amsfonts/cm/cmr8.pfb><C:/Program Files (x86)/MiKTeX 2.9/fonts
/type1/public/amsfonts/cm/cmsy10.pfb><C:/Program Files (x86)/MiKTeX 2.9/fonts/t
ype1/public/amsfonts/cm/cmsy6.pfb><C:/Program Files (x86)/MiKTeX 2.9/fonts/type
1/public/amsfonts/cm/cmsy8.pfb><C:/Program Files (x86)/MiKTeX 2.9/fonts/type1/p
ublic/amsfonts/cm/cmti10.pfb><C:/Program Files (x86)/MiKTeX 2.9/fonts/type1/pub
lic/amsfonts/cm/cmti12.pfb><C:/Program Files (x86)/MiKTeX 2.9/fonts/type1/publi
c/amsfonts/cm/cmtt12.pfb><C:/Program Files (x86)/MiKTeX 2.9/fonts/type1/public/
amsfonts/symbols/msam10.pfb><C:/Program Files (x86)/MiKTeX 2.9/fonts/type1/publ
ic/amsfonts/symbols/msbm10.pfb>
Output written on thesis.pdf (84 pages, 1697691 bytes).
PDF statistics:
 1041 PDF objects out of 1200 (max. 8388607)
 247 named destinations out of 1000 (max. 500000)
 625 words of extra memory for PDF output out of 10000 (max. 10000000)

